<?xml version="1.0" encoding="UTF-8"?>
<coverage generated="1745641771522" clover="3.2.0">
  <project timestamp="1745641771522" name="All files">
    <metrics statements="893" coveredstatements="689" conditionals="119" coveredconditionals="105" methods="27" coveredmethods="20" elements="1039" coveredelements="814" complexity="0" loc="893" ncloc="893" packages="4" files="8" classes="8"/>
    <package name="src">
      <metrics statements="142" coveredstatements="0" conditionals="2" coveredconditionals="0" methods="2" coveredmethods="0"/>
      <file name="App.tsx" path="/Users/pleo2/Dev/ConnectBuy-Practice-test/src/App.tsx">
        <metrics statements="116" coveredstatements="0" conditionals="1" coveredconditionals="0" methods="1" coveredmethods="0"/>
        <line num="1" count="0" type="cond" truecount="0" falsecount="1"/>
        <line num="2" count="0" type="stmt"/>
        <line num="3" count="0" type="stmt"/>
        <line num="4" count="0" type="stmt"/>
        <line num="5" count="0" type="stmt"/>
        <line num="6" count="0" type="stmt"/>
        <line num="7" count="0" type="stmt"/>
        <line num="8" count="0" type="stmt"/>
        <line num="9" count="0" type="stmt"/>
        <line num="10" count="0" type="stmt"/>
        <line num="11" count="0" type="stmt"/>
        <line num="12" count="0" type="stmt"/>
        <line num="13" count="0" type="stmt"/>
        <line num="14" count="0" type="stmt"/>
        <line num="15" count="0" type="stmt"/>
        <line num="16" count="0" type="stmt"/>
        <line num="17" count="0" type="stmt"/>
        <line num="18" count="0" type="stmt"/>
        <line num="19" count="0" type="stmt"/>
        <line num="20" count="0" type="stmt"/>
        <line num="21" count="0" type="stmt"/>
        <line num="22" count="0" type="stmt"/>
        <line num="23" count="0" type="stmt"/>
        <line num="24" count="0" type="stmt"/>
        <line num="25" count="0" type="stmt"/>
        <line num="26" count="0" type="stmt"/>
        <line num="27" count="0" type="stmt"/>
        <line num="28" count="0" type="stmt"/>
        <line num="29" count="0" type="stmt"/>
        <line num="30" count="0" type="stmt"/>
        <line num="31" count="0" type="stmt"/>
        <line num="32" count="0" type="stmt"/>
        <line num="33" count="0" type="stmt"/>
        <line num="34" count="0" type="stmt"/>
        <line num="35" count="0" type="stmt"/>
        <line num="36" count="0" type="stmt"/>
        <line num="37" count="0" type="stmt"/>
        <line num="38" count="0" type="stmt"/>
        <line num="39" count="0" type="stmt"/>
        <line num="40" count="0" type="stmt"/>
        <line num="41" count="0" type="stmt"/>
        <line num="42" count="0" type="stmt"/>
        <line num="43" count="0" type="stmt"/>
        <line num="44" count="0" type="stmt"/>
        <line num="45" count="0" type="stmt"/>
        <line num="46" count="0" type="stmt"/>
        <line num="47" count="0" type="stmt"/>
        <line num="48" count="0" type="stmt"/>
        <line num="49" count="0" type="stmt"/>
        <line num="50" count="0" type="stmt"/>
        <line num="51" count="0" type="stmt"/>
        <line num="52" count="0" type="stmt"/>
        <line num="53" count="0" type="stmt"/>
        <line num="54" count="0" type="stmt"/>
        <line num="55" count="0" type="stmt"/>
        <line num="56" count="0" type="stmt"/>
        <line num="57" count="0" type="stmt"/>
        <line num="58" count="0" type="stmt"/>
        <line num="59" count="0" type="stmt"/>
        <line num="60" count="0" type="stmt"/>
        <line num="61" count="0" type="stmt"/>
        <line num="62" count="0" type="stmt"/>
        <line num="63" count="0" type="stmt"/>
        <line num="64" count="0" type="stmt"/>
        <line num="65" count="0" type="stmt"/>
        <line num="66" count="0" type="stmt"/>
        <line num="67" count="0" type="stmt"/>
        <line num="68" count="0" type="stmt"/>
        <line num="69" count="0" type="stmt"/>
        <line num="70" count="0" type="stmt"/>
        <line num="71" count="0" type="stmt"/>
        <line num="72" count="0" type="stmt"/>
        <line num="73" count="0" type="stmt"/>
        <line num="74" count="0" type="stmt"/>
        <line num="75" count="0" type="stmt"/>
        <line num="76" count="0" type="stmt"/>
        <line num="77" count="0" type="stmt"/>
        <line num="78" count="0" type="stmt"/>
        <line num="79" count="0" type="stmt"/>
        <line num="80" count="0" type="stmt"/>
        <line num="81" count="0" type="stmt"/>
        <line num="82" count="0" type="stmt"/>
        <line num="83" count="0" type="stmt"/>
        <line num="84" count="0" type="stmt"/>
        <line num="85" count="0" type="stmt"/>
        <line num="86" count="0" type="stmt"/>
        <line num="87" count="0" type="stmt"/>
        <line num="88" count="0" type="stmt"/>
        <line num="89" count="0" type="stmt"/>
        <line num="90" count="0" type="stmt"/>
        <line num="91" count="0" type="stmt"/>
        <line num="92" count="0" type="stmt"/>
        <line num="93" count="0" type="stmt"/>
        <line num="94" count="0" type="stmt"/>
        <line num="95" count="0" type="stmt"/>
        <line num="96" count="0" type="stmt"/>
        <line num="97" count="0" type="stmt"/>
        <line num="98" count="0" type="stmt"/>
        <line num="99" count="0" type="stmt"/>
        <line num="100" count="0" type="stmt"/>
        <line num="101" count="0" type="stmt"/>
        <line num="102" count="0" type="stmt"/>
        <line num="103" count="0" type="stmt"/>
        <line num="104" count="0" type="stmt"/>
        <line num="105" count="0" type="stmt"/>
        <line num="106" count="0" type="stmt"/>
        <line num="107" count="0" type="stmt"/>
        <line num="108" count="0" type="stmt"/>
        <line num="109" count="0" type="stmt"/>
        <line num="110" count="0" type="stmt"/>
        <line num="111" count="0" type="stmt"/>
        <line num="112" count="0" type="stmt"/>
        <line num="113" count="0" type="stmt"/>
        <line num="114" count="0" type="stmt"/>
        <line num="115" count="0" type="stmt"/>
        <line num="116" count="0" type="stmt"/>
      </file>
      <file name="types.ts" path="/Users/pleo2/Dev/ConnectBuy-Practice-test/src/types.ts">
        <metrics statements="26" coveredstatements="0" conditionals="1" coveredconditionals="0" methods="1" coveredmethods="0"/>
        <line num="1" count="0" type="cond" truecount="0" falsecount="1"/>
        <line num="2" count="0" type="stmt"/>
        <line num="3" count="0" type="stmt"/>
        <line num="4" count="0" type="stmt"/>
        <line num="5" count="0" type="stmt"/>
        <line num="6" count="0" type="stmt"/>
        <line num="7" count="0" type="stmt"/>
        <line num="8" count="0" type="stmt"/>
        <line num="9" count="0" type="stmt"/>
        <line num="10" count="0" type="stmt"/>
        <line num="11" count="0" type="stmt"/>
        <line num="12" count="0" type="stmt"/>
        <line num="13" count="0" type="stmt"/>
        <line num="14" count="0" type="stmt"/>
        <line num="15" count="0" type="stmt"/>
        <line num="16" count="0" type="stmt"/>
        <line num="17" count="0" type="stmt"/>
        <line num="18" count="0" type="stmt"/>
        <line num="19" count="0" type="stmt"/>
        <line num="20" count="0" type="stmt"/>
        <line num="21" count="0" type="stmt"/>
        <line num="22" count="0" type="stmt"/>
        <line num="23" count="0" type="stmt"/>
        <line num="24" count="0" type="stmt"/>
        <line num="25" count="0" type="stmt"/>
        <line num="26" count="0" type="stmt"/>
      </file>
    </package>
    <package name="src.components">
      <metrics statements="426" coveredstatements="421" conditionals="84" coveredconditionals="80" methods="12" coveredmethods="12"/>
      <file name="FilterPanel.tsx" path="/Users/pleo2/Dev/ConnectBuy-Practice-test/src/components/FilterPanel.tsx">
        <metrics statements="159" coveredstatements="159" conditionals="35" coveredconditionals="34" methods="5" coveredmethods="5"/>
        <line num="1" count="1" type="stmt"/>
        <line num="2" count="1" type="stmt"/>
        <line num="3" count="1" type="stmt"/>
        <line num="4" count="1" type="stmt"/>
        <line num="5" count="1" type="stmt"/>
        <line num="6" count="1" type="stmt"/>
        <line num="7" count="1" type="stmt"/>
        <line num="8" count="1" type="stmt"/>
        <line num="9" count="1" type="stmt"/>
        <line num="10" count="1" type="stmt"/>
        <line num="11" count="1" type="stmt"/>
        <line num="12" count="1" type="stmt"/>
        <line num="13" count="1" type="stmt"/>
        <line num="14" count="19" type="cond" truecount="1" falsecount="0"/>
        <line num="15" count="19" type="stmt"/>
        <line num="16" count="19" type="cond" truecount="1" falsecount="0"/>
        <line num="17" count="19" type="cond" truecount="1" falsecount="0"/>
        <line num="18" count="19" type="cond" truecount="1" falsecount="0"/>
        <line num="19" count="19" type="cond" truecount="1" falsecount="0"/>
        <line num="20" count="19" type="cond" truecount="1" falsecount="0"/>
        <line num="21" count="19" type="stmt"/>
        <line num="22" count="19" type="cond" truecount="1" falsecount="0"/>
        <line num="23" count="19" type="stmt"/>
        <line num="24" count="19" type="cond" truecount="1" falsecount="0"/>
        <line num="25" count="19" type="stmt"/>
        <line num="26" count="19" type="stmt"/>
        <line num="27" count="19" type="stmt"/>
        <line num="28" count="19" type="stmt"/>
        <line num="29" count="19" type="stmt"/>
        <line num="30" count="19" type="stmt"/>
        <line num="31" count="19" type="stmt"/>
        <line num="32" count="19" type="cond" truecount="1" falsecount="0"/>
        <line num="33" count="3" type="stmt"/>
        <line num="34" count="3" type="cond" truecount="2" falsecount="0"/>
        <line num="35" count="3" type="stmt"/>
        <line num="36" count="19" type="stmt"/>
        <line num="37" count="19" type="cond" truecount="1" falsecount="0"/>
        <line num="38" count="2" type="stmt"/>
        <line num="39" count="2" type="cond" truecount="2" falsecount="0"/>
        <line num="40" count="2" type="stmt"/>
        <line num="41" count="19" type="stmt"/>
        <line num="42" count="19" type="stmt"/>
        <line num="43" count="19" type="cond" truecount="1" falsecount="0"/>
        <line num="44" count="7" type="stmt"/>
        <line num="45" count="7" type="stmt"/>
        <line num="46" count="7" type="stmt"/>
        <line num="47" count="7" type="stmt"/>
        <line num="48" count="7" type="stmt"/>
        <line num="49" count="7" type="stmt"/>
        <line num="50" count="7" type="stmt"/>
        <line num="51" count="7" type="cond" truecount="3" falsecount="0"/>
        <line num="52" count="7" type="stmt"/>
        <line num="53" count="7" type="stmt"/>
        <line num="54" count="7" type="stmt"/>
        <line num="55" count="19" type="stmt"/>
        <line num="56" count="19" type="cond" truecount="1" falsecount="0"/>
        <line num="57" count="1" type="stmt"/>
        <line num="58" count="1" type="stmt"/>
        <line num="59" count="1" type="stmt"/>
        <line num="60" count="19" type="stmt"/>
        <line num="61" count="19" type="stmt"/>
        <line num="62" count="19" type="stmt"/>
        <line num="63" count="19" type="stmt"/>
        <line num="64" count="19" type="stmt"/>
        <line num="65" count="19" type="stmt"/>
        <line num="66" count="19" type="stmt"/>
        <line num="67" count="19" type="stmt"/>
        <line num="68" count="19" type="stmt"/>
        <line num="69" count="19" type="stmt"/>
        <line num="70" count="19" type="stmt"/>
        <line num="71" count="19" type="stmt"/>
        <line num="72" count="19" type="stmt"/>
        <line num="73" count="19" type="stmt"/>
        <line num="74" count="19" type="stmt"/>
        <line num="75" count="19" type="stmt"/>
        <line num="76" count="19" type="stmt"/>
        <line num="77" count="19" type="stmt"/>
        <line num="78" count="19" type="stmt"/>
        <line num="79" count="19" type="stmt"/>
        <line num="80" count="19" type="stmt"/>
        <line num="81" count="19" type="stmt"/>
        <line num="82" count="19" type="stmt"/>
        <line num="83" count="19" type="cond" truecount="3" falsecount="0"/>
        <line num="84" count="19" type="stmt"/>
        <line num="85" count="19" type="stmt"/>
        <line num="86" count="19" type="stmt"/>
        <line num="87" count="19" type="stmt"/>
        <line num="88" count="19" type="stmt"/>
        <line num="89" count="19" type="stmt"/>
        <line num="90" count="19" type="cond" truecount="1" falsecount="0"/>
        <line num="91" count="38" type="stmt"/>
        <line num="92" count="38" type="stmt"/>
        <line num="93" count="38" type="stmt"/>
        <line num="94" count="19" type="stmt"/>
        <line num="95" count="19" type="stmt"/>
        <line num="96" count="19" type="stmt"/>
        <line num="97" count="19" type="stmt"/>
        <line num="98" count="19" type="stmt"/>
        <line num="99" count="19" type="stmt"/>
        <line num="100" count="19" type="stmt"/>
        <line num="101" count="19" type="stmt"/>
        <line num="102" count="19" type="stmt"/>
        <line num="103" count="19" type="stmt"/>
        <line num="104" count="19" type="cond" truecount="3" falsecount="0"/>
        <line num="105" count="19" type="stmt"/>
        <line num="106" count="19" type="stmt"/>
        <line num="107" count="19" type="stmt"/>
        <line num="108" count="19" type="stmt"/>
        <line num="109" count="19" type="stmt"/>
        <line num="110" count="19" type="stmt"/>
        <line num="111" count="19" type="cond" truecount="1" falsecount="0"/>
        <line num="112" count="38" type="stmt"/>
        <line num="113" count="38" type="stmt"/>
        <line num="114" count="38" type="stmt"/>
        <line num="115" count="19" type="stmt"/>
        <line num="116" count="19" type="stmt"/>
        <line num="117" count="19" type="stmt"/>
        <line num="118" count="19" type="stmt"/>
        <line num="119" count="19" type="stmt"/>
        <line num="120" count="19" type="stmt"/>
        <line num="121" count="19" type="stmt"/>
        <line num="122" count="19" type="stmt"/>
        <line num="123" count="19" type="stmt"/>
        <line num="124" count="19" type="stmt"/>
        <line num="125" count="19" type="stmt"/>
        <line num="126" count="19" type="cond" truecount="5" falsecount="0"/>
        <line num="127" count="19" type="stmt"/>
        <line num="128" count="19" type="stmt"/>
        <line num="129" count="19" type="stmt"/>
        <line num="130" count="19" type="stmt"/>
        <line num="131" count="19" type="stmt"/>
        <line num="132" count="19" type="stmt"/>
        <line num="133" count="19" type="stmt"/>
        <line num="134" count="19" type="stmt"/>
        <line num="135" count="19" type="stmt"/>
        <line num="136" count="19" type="stmt"/>
        <line num="137" count="19" type="stmt"/>
        <line num="138" count="19" type="cond" truecount="0" falsecount="1"/>
        <line num="139" count="19" type="stmt"/>
        <line num="140" count="19" type="stmt"/>
        <line num="141" count="19" type="stmt"/>
        <line num="142" count="19" type="stmt"/>
        <line num="143" count="19" type="stmt"/>
        <line num="144" count="19" type="stmt"/>
        <line num="145" count="19" type="stmt"/>
        <line num="146" count="19" type="stmt"/>
        <line num="147" count="19" type="stmt"/>
        <line num="148" count="19" type="stmt"/>
        <line num="149" count="19" type="cond" truecount="1" falsecount="0"/>
        <line num="150" count="19" type="cond" truecount="1" falsecount="0"/>
        <line num="151" count="14" type="stmt"/>
        <line num="152" count="19" type="stmt"/>
        <line num="153" count="19" type="stmt"/>
        <line num="154" count="19" type="stmt"/>
        <line num="155" count="19" type="stmt"/>
        <line num="156" count="19" type="stmt"/>
        <line num="157" count="19" type="stmt"/>
        <line num="158" count="19" type="stmt"/>
        <line num="159" count="19" type="stmt"/>
      </file>
      <file name="NotificationAlert.tsx" path="/Users/pleo2/Dev/ConnectBuy-Practice-test/src/components/NotificationAlert.tsx">
        <metrics statements="61" coveredstatements="59" conditionals="16" coveredconditionals="15" methods="4" coveredmethods="4"/>
        <line num="1" count="1" type="stmt"/>
        <line num="2" count="1" type="stmt"/>
        <line num="3" count="1" type="stmt"/>
        <line num="4" count="1" type="stmt"/>
        <line num="5" count="1" type="stmt"/>
        <line num="6" count="1" type="stmt"/>
        <line num="7" count="1" type="stmt"/>
        <line num="8" count="1" type="stmt"/>
        <line num="9" count="8" type="cond" truecount="1" falsecount="0"/>
        <line num="10" count="8" type="stmt"/>
        <line num="11" count="8" type="stmt"/>
        <line num="12" count="1" type="stmt"/>
        <line num="13" count="1" type="stmt"/>
        <line num="14" count="1" type="stmt"/>
        <line num="15" count="1" type="stmt"/>
        <line num="16" count="1" type="cond" truecount="1" falsecount="0"/>
        <line num="17" count="12" type="stmt"/>
        <line num="18" count="12" type="stmt"/>
        <line num="19" count="1" type="stmt"/>
        <line num="20" count="1" type="stmt"/>
        <line num="21" count="1" type="stmt"/>
        <line num="22" count="6" type="cond" truecount="1" falsecount="0"/>
        <line num="23" count="6" type="stmt"/>
        <line num="24" count="6" type="cond" truecount="1" falsecount="0"/>
        <line num="25" count="6" type="cond" truecount="1" falsecount="0"/>
        <line num="26" count="6" type="stmt"/>
        <line num="27" count="6" type="stmt"/>
        <line num="28" count="6" type="stmt"/>
        <line num="29" count="6" type="stmt"/>
        <line num="30" count="6" type="stmt"/>
        <line num="31" count="6" type="cond" truecount="1" falsecount="0"/>
        <line num="32" count="2" type="stmt"/>
        <line num="33" count="2" type="cond" truecount="0" falsecount="1"/>
        <line num="34" count="0" type="stmt"/>
        <line num="35" count="0" type="stmt"/>
        <line num="36" count="2" type="stmt"/>
        <line num="37" count="2" type="stmt"/>
        <line num="38" count="2" type="stmt"/>
        <line num="39" count="6" type="stmt"/>
        <line num="40" count="6" type="stmt"/>
        <line num="41" count="6" type="stmt"/>
        <line num="42" count="6" type="stmt"/>
        <line num="43" count="6" type="stmt"/>
        <line num="44" count="6" type="stmt"/>
        <line num="45" count="6" type="stmt"/>
        <line num="46" count="6" type="stmt"/>
        <line num="47" count="6" type="stmt"/>
        <line num="48" count="6" type="stmt"/>
        <line num="49" count="6" type="stmt"/>
        <line num="50" count="6" type="stmt"/>
        <line num="51" count="6" type="cond" truecount="3" falsecount="0"/>
        <line num="52" count="6" type="stmt"/>
        <line num="53" count="6" type="stmt"/>
        <line num="54" count="6" type="stmt"/>
        <line num="55" count="6" type="stmt"/>
        <line num="56" count="6" type="stmt"/>
        <line num="57" count="6" type="cond" truecount="6" falsecount="0"/>
        <line num="58" count="6" type="stmt"/>
        <line num="59" count="6" type="stmt"/>
        <line num="60" count="6" type="stmt"/>
        <line num="61" count="6" type="stmt"/>
      </file>
      <file name="PromotionCard.tsx" path="/Users/pleo2/Dev/ConnectBuy-Practice-test/src/components/PromotionCard.tsx">
        <metrics statements="132" coveredstatements="129" conditionals="25" coveredconditionals="23" methods="2" coveredmethods="2"/>
        <line num="1" count="1" type="stmt"/>
        <line num="2" count="1" type="stmt"/>
        <line num="3" count="1" type="stmt"/>
        <line num="4" count="1" type="stmt"/>
        <line num="5" count="1" type="stmt"/>
        <line num="6" count="1" type="stmt"/>
        <line num="7" count="1" type="stmt"/>
        <line num="8" count="1" type="stmt"/>
        <line num="9" count="1" type="stmt"/>
        <line num="10" count="1" type="stmt"/>
        <line num="11" count="1" type="stmt"/>
        <line num="12" count="1" type="stmt"/>
        <line num="13" count="1" type="stmt"/>
        <line num="14" count="1" type="stmt"/>
        <line num="15" count="1" type="stmt"/>
        <line num="16" count="1" type="stmt"/>
        <line num="17" count="1" type="stmt"/>
        <line num="18" count="1" type="stmt"/>
        <line num="19" count="1" type="stmt"/>
        <line num="20" count="8" type="cond" truecount="1" falsecount="0"/>
        <line num="21" count="8" type="cond" truecount="1" falsecount="0"/>
        <line num="22" count="2" type="cond" truecount="1" falsecount="0"/>
        <line num="23" count="2" type="stmt"/>
        <line num="24" count="2" type="stmt"/>
        <line num="25" count="8" type="cond" truecount="0" falsecount="1"/>
        <line num="26" count="2" type="cond" truecount="1" falsecount="0"/>
        <line num="27" count="2" type="stmt"/>
        <line num="28" count="8" type="cond" truecount="0" falsecount="1"/>
        <line num="29" count="0" type="stmt"/>
        <line num="30" count="0" type="stmt"/>
        <line num="31" count="0" type="stmt"/>
        <line num="32" count="8" type="stmt"/>
        <line num="33" count="1" type="stmt"/>
        <line num="34" count="1" type="stmt"/>
        <line num="35" count="8" type="cond" truecount="1" falsecount="0"/>
        <line num="36" count="8" type="stmt"/>
        <line num="37" count="8" type="stmt"/>
        <line num="38" count="8" type="stmt"/>
        <line num="39" count="8" type="stmt"/>
        <line num="40" count="8" type="stmt"/>
        <line num="41" count="8" type="stmt"/>
        <line num="42" count="8" type="stmt"/>
        <line num="43" count="8" type="stmt"/>
        <line num="44" count="8" type="stmt"/>
        <line num="45" count="8" type="stmt"/>
        <line num="46" count="8" type="stmt"/>
        <line num="47" count="8" type="stmt"/>
        <line num="48" count="8" type="stmt"/>
        <line num="49" count="8" type="stmt"/>
        <line num="50" count="8" type="cond" truecount="3" falsecount="0"/>
        <line num="51" count="8" type="stmt"/>
        <line num="52" count="8" type="stmt"/>
        <line num="53" count="8" type="stmt"/>
        <line num="54" count="8" type="stmt"/>
        <line num="55" count="8" type="stmt"/>
        <line num="56" count="8" type="stmt"/>
        <line num="57" count="8" type="stmt"/>
        <line num="58" count="8" type="cond" truecount="2" falsecount="0"/>
        <line num="59" count="8" type="cond" truecount="2" falsecount="0"/>
        <line num="60" count="8" type="cond" truecount="2" falsecount="0"/>
        <line num="61" count="8" type="stmt"/>
        <line num="62" count="8" type="stmt"/>
        <line num="63" count="8" type="stmt"/>
        <line num="64" count="8" type="stmt"/>
        <line num="65" count="8" type="stmt"/>
        <line num="66" count="8" type="cond" truecount="1" falsecount="0"/>
        <line num="67" count="8" type="stmt"/>
        <line num="68" count="8" type="stmt"/>
        <line num="69" count="8" type="stmt"/>
        <line num="70" count="8" type="stmt"/>
        <line num="71" count="8" type="stmt"/>
        <line num="72" count="8" type="stmt"/>
        <line num="73" count="8" type="stmt"/>
        <line num="74" count="8" type="stmt"/>
        <line num="75" count="8" type="stmt"/>
        <line num="76" count="8" type="stmt"/>
        <line num="77" count="8" type="stmt"/>
        <line num="78" count="8" type="stmt"/>
        <line num="79" count="8" type="stmt"/>
        <line num="80" count="8" type="cond" truecount="1" falsecount="0"/>
        <line num="81" count="1" type="stmt"/>
        <line num="82" count="1" type="stmt"/>
        <line num="83" count="1" type="stmt"/>
        <line num="84" count="1" type="stmt"/>
        <line num="85" count="1" type="stmt"/>
        <line num="86" count="1" type="stmt"/>
        <line num="87" count="1" type="stmt"/>
        <line num="88" count="8" type="stmt"/>
        <line num="89" count="8" type="stmt"/>
        <line num="90" count="8" type="stmt"/>
        <line num="91" count="8" type="stmt"/>
        <line num="92" count="8" type="stmt"/>
        <line num="93" count="8" type="stmt"/>
        <line num="94" count="8" type="stmt"/>
        <line num="95" count="8" type="stmt"/>
        <line num="96" count="8" type="stmt"/>
        <line num="97" count="8" type="stmt"/>
        <line num="98" count="8" type="cond" truecount="1" falsecount="0"/>
        <line num="99" count="1" type="stmt"/>
        <line num="100" count="1" type="stmt"/>
        <line num="101" count="1" type="stmt"/>
        <line num="102" count="8" type="stmt"/>
        <line num="103" count="8" type="cond" truecount="1" falsecount="0"/>
        <line num="104" count="1" type="stmt"/>
        <line num="105" count="1" type="stmt"/>
        <line num="106" count="1" type="stmt"/>
        <line num="107" count="8" type="stmt"/>
        <line num="108" count="8" type="stmt"/>
        <line num="109" count="8" type="stmt"/>
        <line num="110" count="8" type="stmt"/>
        <line num="111" count="8" type="stmt"/>
        <line num="112" count="8" type="stmt"/>
        <line num="113" count="8" type="stmt"/>
        <line num="114" count="8" type="stmt"/>
        <line num="115" count="8" type="stmt"/>
        <line num="116" count="8" type="cond" truecount="1" falsecount="0"/>
        <line num="117" count="2" type="stmt"/>
        <line num="118" count="2" type="stmt"/>
        <line num="119" count="2" type="stmt"/>
        <line num="120" count="2" type="stmt"/>
        <line num="121" count="2" type="cond" truecount="2" falsecount="0"/>
        <line num="122" count="2" type="stmt"/>
        <line num="123" count="2" type="stmt"/>
        <line num="124" count="2" type="stmt"/>
        <line num="125" count="2" type="cond" truecount="2" falsecount="0"/>
        <line num="126" count="2" type="stmt"/>
        <line num="127" count="2" type="stmt"/>
        <line num="128" count="8" type="stmt"/>
        <line num="129" count="8" type="stmt"/>
        <line num="130" count="8" type="stmt"/>
        <line num="131" count="8" type="stmt"/>
        <line num="132" count="8" type="stmt"/>
      </file>
      <file name="PromotionsList.tsx" path="/Users/pleo2/Dev/ConnectBuy-Practice-test/src/components/PromotionsList.tsx">
        <metrics statements="74" coveredstatements="74" conditionals="8" coveredconditionals="8" methods="1" coveredmethods="1"/>
        <line num="1" count="1" type="stmt"/>
        <line num="2" count="1" type="stmt"/>
        <line num="3" count="1" type="stmt"/>
        <line num="4" count="1" type="stmt"/>
        <line num="5" count="1" type="stmt"/>
        <line num="6" count="1" type="stmt"/>
        <line num="7" count="1" type="stmt"/>
        <line num="8" count="1" type="stmt"/>
        <line num="9" count="1" type="stmt"/>
        <line num="10" count="1" type="stmt"/>
        <line num="11" count="1" type="stmt"/>
        <line num="12" count="1" type="stmt"/>
        <line num="13" count="1" type="stmt"/>
        <line num="14" count="1" type="stmt"/>
        <line num="15" count="1" type="stmt"/>
        <line num="16" count="5" type="cond" truecount="1" falsecount="0"/>
        <line num="17" count="5" type="stmt"/>
        <line num="18" count="5" type="stmt"/>
        <line num="19" count="5" type="stmt"/>
        <line num="20" count="5" type="stmt"/>
        <line num="21" count="5" type="stmt"/>
        <line num="22" count="5" type="cond" truecount="1" falsecount="0"/>
        <line num="23" count="1" type="stmt"/>
        <line num="24" count="1" type="stmt"/>
        <line num="25" count="1" type="stmt"/>
        <line num="26" count="1" type="stmt"/>
        <line num="27" count="1" type="stmt"/>
        <line num="28" count="1" type="stmt"/>
        <line num="29" count="1" type="stmt"/>
        <line num="30" count="1" type="stmt"/>
        <line num="31" count="1" type="stmt"/>
        <line num="32" count="1" type="stmt"/>
        <line num="33" count="1" type="stmt"/>
        <line num="34" count="4" type="cond" truecount="1" falsecount="0"/>
        <line num="35" count="4" type="stmt"/>
        <line num="36" count="5" type="cond" truecount="1" falsecount="0"/>
        <line num="37" count="1" type="stmt"/>
        <line num="38" count="1" type="stmt"/>
        <line num="39" count="1" type="stmt"/>
        <line num="40" count="1" type="stmt"/>
        <line num="41" count="1" type="stmt"/>
        <line num="42" count="1" type="stmt"/>
        <line num="43" count="1" type="stmt"/>
        <line num="44" count="1" type="stmt"/>
        <line num="45" count="1" type="stmt"/>
        <line num="46" count="1" type="stmt"/>
        <line num="47" count="1" type="stmt"/>
        <line num="48" count="1" type="stmt"/>
        <line num="49" count="3" type="cond" truecount="1" falsecount="0"/>
        <line num="50" count="3" type="stmt"/>
        <line num="51" count="5" type="cond" truecount="1" falsecount="0"/>
        <line num="52" count="1" type="stmt"/>
        <line num="53" count="1" type="stmt"/>
        <line num="54" count="1" type="stmt"/>
        <line num="55" count="1" type="stmt"/>
        <line num="56" count="1" type="stmt"/>
        <line num="57" count="1" type="stmt"/>
        <line num="58" count="1" type="stmt"/>
        <line num="59" count="1" type="stmt"/>
        <line num="60" count="1" type="stmt"/>
        <line num="61" count="1" type="stmt"/>
        <line num="62" count="1" type="stmt"/>
        <line num="63" count="2" type="cond" truecount="1" falsecount="0"/>
        <line num="64" count="2" type="stmt"/>
        <line num="65" count="2" type="stmt"/>
        <line num="66" count="2" type="stmt"/>
        <line num="67" count="2" type="cond" truecount="1" falsecount="0"/>
        <line num="68" count="4" type="stmt"/>
        <line num="69" count="4" type="stmt"/>
        <line num="70" count="4" type="stmt"/>
        <line num="71" count="2" type="stmt"/>
        <line num="72" count="2" type="stmt"/>
        <line num="73" count="2" type="stmt"/>
        <line num="74" count="2" type="stmt"/>
      </file>
    </package>
    <package name="src.services">
      <metrics statements="126" coveredstatements="102" conditionals="0" coveredconditionals="0" methods="3" coveredmethods="0"/>
      <file name="api.ts" path="/Users/pleo2/Dev/ConnectBuy-Practice-test/src/services/api.ts">
        <metrics statements="126" coveredstatements="102" conditionals="0" coveredconditionals="0" methods="3" coveredmethods="0"/>
        <line num="1" count="1" type="stmt"/>
        <line num="2" count="1" type="stmt"/>
        <line num="3" count="1" type="stmt"/>
        <line num="4" count="1" type="stmt"/>
        <line num="5" count="1" type="stmt"/>
        <line num="6" count="1" type="stmt"/>
        <line num="7" count="1" type="stmt"/>
        <line num="8" count="1" type="stmt"/>
        <line num="9" count="1" type="stmt"/>
        <line num="10" count="1" type="stmt"/>
        <line num="11" count="1" type="stmt"/>
        <line num="12" count="1" type="stmt"/>
        <line num="13" count="1" type="stmt"/>
        <line num="14" count="1" type="stmt"/>
        <line num="15" count="1" type="stmt"/>
        <line num="16" count="1" type="stmt"/>
        <line num="17" count="1" type="stmt"/>
        <line num="18" count="1" type="stmt"/>
        <line num="19" count="1" type="stmt"/>
        <line num="20" count="1" type="stmt"/>
        <line num="21" count="1" type="stmt"/>
        <line num="22" count="1" type="stmt"/>
        <line num="23" count="1" type="stmt"/>
        <line num="24" count="1" type="stmt"/>
        <line num="25" count="1" type="stmt"/>
        <line num="26" count="1" type="stmt"/>
        <line num="27" count="1" type="stmt"/>
        <line num="28" count="1" type="stmt"/>
        <line num="29" count="1" type="stmt"/>
        <line num="30" count="1" type="stmt"/>
        <line num="31" count="1" type="stmt"/>
        <line num="32" count="1" type="stmt"/>
        <line num="33" count="1" type="stmt"/>
        <line num="34" count="1" type="stmt"/>
        <line num="35" count="1" type="stmt"/>
        <line num="36" count="1" type="stmt"/>
        <line num="37" count="1" type="stmt"/>
        <line num="38" count="1" type="stmt"/>
        <line num="39" count="1" type="stmt"/>
        <line num="40" count="1" type="stmt"/>
        <line num="41" count="1" type="stmt"/>
        <line num="42" count="1" type="stmt"/>
        <line num="43" count="1" type="stmt"/>
        <line num="44" count="1" type="stmt"/>
        <line num="45" count="1" type="stmt"/>
        <line num="46" count="1" type="stmt"/>
        <line num="47" count="1" type="stmt"/>
        <line num="48" count="1" type="stmt"/>
        <line num="49" count="1" type="stmt"/>
        <line num="50" count="1" type="stmt"/>
        <line num="51" count="1" type="stmt"/>
        <line num="52" count="1" type="stmt"/>
        <line num="53" count="1" type="stmt"/>
        <line num="54" count="1" type="stmt"/>
        <line num="55" count="1" type="stmt"/>
        <line num="56" count="1" type="stmt"/>
        <line num="57" count="1" type="stmt"/>
        <line num="58" count="1" type="stmt"/>
        <line num="59" count="1" type="stmt"/>
        <line num="60" count="1" type="stmt"/>
        <line num="61" count="1" type="stmt"/>
        <line num="62" count="1" type="stmt"/>
        <line num="63" count="1" type="stmt"/>
        <line num="64" count="1" type="stmt"/>
        <line num="65" count="1" type="stmt"/>
        <line num="66" count="1" type="stmt"/>
        <line num="67" count="1" type="stmt"/>
        <line num="68" count="1" type="stmt"/>
        <line num="69" count="1" type="stmt"/>
        <line num="70" count="1" type="stmt"/>
        <line num="71" count="1" type="stmt"/>
        <line num="72" count="1" type="stmt"/>
        <line num="73" count="1" type="stmt"/>
        <line num="74" count="1" type="stmt"/>
        <line num="75" count="1" type="stmt"/>
        <line num="76" count="1" type="stmt"/>
        <line num="77" count="1" type="stmt"/>
        <line num="78" count="1" type="stmt"/>
        <line num="79" count="1" type="stmt"/>
        <line num="80" count="1" type="stmt"/>
        <line num="81" count="1" type="stmt"/>
        <line num="82" count="1" type="stmt"/>
        <line num="83" count="1" type="stmt"/>
        <line num="84" count="1" type="stmt"/>
        <line num="85" count="1" type="stmt"/>
        <line num="86" count="1" type="stmt"/>
        <line num="87" count="1" type="stmt"/>
        <line num="88" count="1" type="stmt"/>
        <line num="89" count="1" type="stmt"/>
        <line num="90" count="1" type="stmt"/>
        <line num="91" count="1" type="stmt"/>
        <line num="92" count="1" type="stmt"/>
        <line num="93" count="1" type="stmt"/>
        <line num="94" count="1" type="stmt"/>
        <line num="95" count="1" type="stmt"/>
        <line num="96" count="1" type="stmt"/>
        <line num="97" count="0" type="stmt"/>
        <line num="98" count="0" type="stmt"/>
        <line num="99" count="0" type="stmt"/>
        <line num="100" count="0" type="stmt"/>
        <line num="101" count="0" type="stmt"/>
        <line num="102" count="0" type="stmt"/>
        <line num="103" count="0" type="stmt"/>
        <line num="104" count="0" type="stmt"/>
        <line num="105" count="1" type="stmt"/>
        <line num="106" count="0" type="stmt"/>
        <line num="107" count="0" type="stmt"/>
        <line num="108" count="0" type="stmt"/>
        <line num="109" count="0" type="stmt"/>
        <line num="110" count="0" type="stmt"/>
        <line num="111" count="0" type="stmt"/>
        <line num="112" count="0" type="stmt"/>
        <line num="113" count="0" type="stmt"/>
        <line num="114" count="1" type="stmt"/>
        <line num="115" count="0" type="stmt"/>
        <line num="116" count="0" type="stmt"/>
        <line num="117" count="0" type="stmt"/>
        <line num="118" count="0" type="stmt"/>
        <line num="119" count="0" type="stmt"/>
        <line num="120" count="0" type="stmt"/>
        <line num="121" count="0" type="stmt"/>
        <line num="122" count="0" type="stmt"/>
        <line num="123" count="1" type="stmt"/>
        <line num="124" count="1" type="stmt"/>
        <line num="125" count="1" type="stmt"/>
        <line num="126" count="1" type="stmt"/>
      </file>
    </package>
    <package name="src.store">
      <metrics statements="199" coveredstatements="166" conditionals="33" coveredconditionals="25" methods="10" coveredmethods="8"/>
      <file name="promoStore.ts" path="/Users/pleo2/Dev/ConnectBuy-Practice-test/src/store/promoStore.ts">
        <metrics statements="199" coveredstatements="166" conditionals="33" coveredconditionals="25" methods="10" coveredmethods="8"/>
        <line num="1" count="1" type="stmt"/>
        <line num="2" count="1" type="stmt"/>
        <line num="3" count="1" type="stmt"/>
        <line num="4" count="1" type="stmt"/>
        <line num="5" count="1" type="stmt"/>
        <line num="6" count="1" type="stmt"/>
        <line num="7" count="1" type="stmt"/>
        <line num="8" count="1" type="stmt"/>
        <line num="9" count="1" type="stmt"/>
        <line num="10" count="1" type="stmt"/>
        <line num="11" count="1" type="stmt"/>
        <line num="12" count="1" type="stmt"/>
        <line num="13" count="1" type="stmt"/>
        <line num="14" count="1" type="stmt"/>
        <line num="15" count="1" type="stmt"/>
        <line num="16" count="1" type="stmt"/>
        <line num="17" count="1" type="stmt"/>
        <line num="18" count="1" type="stmt"/>
        <line num="19" count="1" type="stmt"/>
        <line num="20" count="1" type="stmt"/>
        <line num="21" count="1" type="stmt"/>
        <line num="22" count="1" type="stmt"/>
        <line num="23" count="1" type="stmt"/>
        <line num="24" count="1" type="stmt"/>
        <line num="25" count="1" type="stmt"/>
        <line num="26" count="1" type="stmt"/>
        <line num="27" count="1" type="stmt"/>
        <line num="28" count="1" type="stmt"/>
        <line num="29" count="1" type="stmt"/>
        <line num="30" count="1" type="stmt"/>
        <line num="31" count="1" type="stmt"/>
        <line num="32" count="1" type="stmt"/>
        <line num="33" count="1" type="stmt"/>
        <line num="34" count="1" type="stmt"/>
        <line num="35" count="1" type="stmt"/>
        <line num="36" count="1" type="stmt"/>
        <line num="37" count="1" type="stmt"/>
        <line num="38" count="1" type="stmt"/>
        <line num="39" count="1" type="stmt"/>
        <line num="40" count="1" type="stmt"/>
        <line num="41" count="1" type="stmt"/>
        <line num="42" count="1" type="stmt"/>
        <line num="43" count="1" type="stmt"/>
        <line num="44" count="1" type="stmt"/>
        <line num="45" count="1" type="stmt"/>
        <line num="46" count="1" type="stmt"/>
        <line num="47" count="1" type="stmt"/>
        <line num="48" count="1" type="stmt"/>
        <line num="49" count="1" type="stmt"/>
        <line num="50" count="1" type="stmt"/>
        <line num="51" count="1" type="stmt"/>
        <line num="52" count="1" type="stmt"/>
        <line num="53" count="1" type="stmt"/>
        <line num="54" count="1" type="stmt"/>
        <line num="55" count="1" type="stmt"/>
        <line num="56" count="1" type="stmt"/>
        <line num="57" count="1" type="stmt"/>
        <line num="58" count="1" type="stmt"/>
        <line num="59" count="1" type="stmt"/>
        <line num="60" count="1" type="stmt"/>
        <line num="61" count="1" type="stmt"/>
        <line num="62" count="0" type="stmt"/>
        <line num="63" count="0" type="stmt"/>
        <line num="64" count="0" type="stmt"/>
        <line num="65" count="0" type="stmt"/>
        <line num="66" count="0" type="stmt"/>
        <line num="67" count="0" type="stmt"/>
        <line num="68" count="0" type="stmt"/>
        <line num="69" count="0" type="stmt"/>
        <line num="70" count="0" type="stmt"/>
        <line num="71" count="0" type="stmt"/>
        <line num="72" count="0" type="stmt"/>
        <line num="73" count="0" type="stmt"/>
        <line num="74" count="0" type="stmt"/>
        <line num="75" count="0" type="stmt"/>
        <line num="76" count="0" type="stmt"/>
        <line num="77" count="0" type="stmt"/>
        <line num="78" count="0" type="stmt"/>
        <line num="79" count="0" type="stmt"/>
        <line num="80" count="0" type="stmt"/>
        <line num="81" count="0" type="stmt"/>
        <line num="82" count="0" type="stmt"/>
        <line num="83" count="1" type="stmt"/>
        <line num="84" count="0" type="stmt"/>
        <line num="85" count="0" type="stmt"/>
        <line num="86" count="0" type="stmt"/>
        <line num="87" count="1" type="stmt"/>
        <line num="88" count="1" type="stmt"/>
        <line num="89" count="1" type="cond" truecount="1" falsecount="0"/>
        <line num="90" count="3" type="stmt"/>
        <line num="91" count="3" type="stmt"/>
        <line num="92" count="3" type="stmt"/>
        <line num="93" count="3" type="cond" truecount="2" falsecount="0"/>
        <line num="94" count="2" type="cond" truecount="0" falsecount="1"/>
        <line num="95" count="2" type="stmt"/>
        <line num="96" count="2" type="stmt"/>
        <line num="97" count="2" type="stmt"/>
        <line num="98" count="2" type="stmt"/>
        <line num="99" count="2" type="stmt"/>
        <line num="100" count="2" type="stmt"/>
        <line num="101" count="2" type="stmt"/>
        <line num="102" count="2" type="stmt"/>
        <line num="103" count="1" type="cond" truecount="1" falsecount="0"/>
        <line num="104" count="1" type="stmt"/>
        <line num="105" count="1" type="stmt"/>
        <line num="106" count="1" type="stmt"/>
        <line num="107" count="1" type="stmt"/>
        <line num="108" count="1" type="stmt"/>
        <line num="109" count="1" type="stmt"/>
        <line num="110" count="1" type="stmt"/>
        <line num="111" count="1" type="stmt"/>
        <line num="112" count="1" type="stmt"/>
        <line num="113" count="1" type="stmt"/>
        <line num="114" count="1" type="stmt"/>
        <line num="115" count="1" type="stmt"/>
        <line num="116" count="2" type="stmt"/>
        <line num="117" count="3" type="stmt"/>
        <line num="118" count="3" type="cond" truecount="1" falsecount="0"/>
        <line num="119" count="8" type="cond" truecount="1" falsecount="0"/>
        <line num="120" count="8" type="cond" truecount="1" falsecount="0"/>
        <line num="121" count="8" type="stmt"/>
        <line num="122" count="3" type="stmt"/>
        <line num="123" count="3" type="stmt"/>
        <line num="124" count="3" type="cond" truecount="1" falsecount="0"/>
        <line num="125" count="5" type="cond" truecount="1" falsecount="0"/>
        <line num="126" count="5" type="cond" truecount="1" falsecount="0"/>
        <line num="127" count="5" type="stmt"/>
        <line num="128" count="3" type="stmt"/>
        <line num="129" count="3" type="stmt"/>
        <line num="130" count="3" type="cond" truecount="1" falsecount="0"/>
        <line num="131" count="10" type="cond" truecount="1" falsecount="0"/>
        <line num="132" count="10" type="stmt"/>
        <line num="133" count="10" type="stmt"/>
        <line num="134" count="10" type="stmt"/>
        <line num="135" count="10" type="stmt"/>
        <line num="136" count="10" type="stmt"/>
        <line num="137" count="10" type="stmt"/>
        <line num="138" count="10" type="stmt"/>
        <line num="139" count="3" type="stmt"/>
        <line num="140" count="3" type="stmt"/>
        <line num="141" count="3" type="cond" truecount="1" falsecount="0"/>
        <line num="142" count="2" type="cond" truecount="1" falsecount="0"/>
        <line num="143" count="2" type="stmt"/>
        <line num="144" count="2" type="stmt"/>
        <line num="145" count="3" type="stmt"/>
        <line num="146" count="3" type="stmt"/>
        <line num="147" count="3" type="cond" truecount="1" falsecount="0"/>
        <line num="148" count="3" type="stmt"/>
        <line num="149" count="3" type="stmt"/>
        <line num="150" count="3" type="cond" truecount="1" falsecount="0"/>
        <line num="151" count="2" type="cond" truecount="0" falsecount="2"/>
        <line num="152" count="3" type="cond" truecount="1" falsecount="0"/>
        <line num="153" count="2" type="stmt"/>
        <line num="154" count="2" type="stmt"/>
        <line num="155" count="3" type="stmt"/>
        <line num="156" count="3" type="stmt"/>
        <line num="157" count="3" type="cond" truecount="1" falsecount="0"/>
        <line num="158" count="3" type="stmt"/>
        <line num="159" count="3" type="stmt"/>
        <line num="160" count="1" type="stmt"/>
        <line num="161" count="1" type="stmt"/>
        <line num="162" count="1" type="stmt"/>
        <line num="163" count="1" type="stmt"/>
        <line num="164" count="1" type="stmt"/>
        <line num="165" count="1" type="cond" truecount="1" falsecount="0"/>
        <line num="166" count="1" type="stmt"/>
        <line num="167" count="1" type="stmt"/>
        <line num="168" count="1" type="cond" truecount="1" falsecount="0"/>
        <line num="169" count="4" type="stmt"/>
        <line num="170" count="4" type="stmt"/>
        <line num="171" count="4" type="cond" truecount="1" falsecount="0"/>
        <line num="172" count="3" type="cond" truecount="1" falsecount="0"/>
        <line num="173" count="3" type="stmt"/>
        <line num="174" count="4" type="cond" truecount="1" falsecount="0"/>
        <line num="175" count="2" type="cond" truecount="1" falsecount="0"/>
        <line num="176" count="2" type="stmt"/>
        <line num="177" count="2" type="stmt"/>
        <line num="178" count="2" type="cond" truecount="0" falsecount="1"/>
        <line num="179" count="4" type="cond" truecount="0" falsecount="1"/>
        <line num="180" count="4" type="cond" truecount="0" falsecount="1"/>
        <line num="181" count="4" type="cond" truecount="0" falsecount="1"/>
        <line num="182" count="0" type="stmt"/>
        <line num="183" count="4" type="cond" truecount="0" falsecount="1"/>
        <line num="184" count="0" type="stmt"/>
        <line num="185" count="0" type="stmt"/>
        <line num="186" count="0" type="stmt"/>
        <line num="187" count="0" type="stmt"/>
        <line num="188" count="0" type="stmt"/>
        <line num="189" count="0" type="stmt"/>
        <line num="190" count="0" type="stmt"/>
        <line num="191" count="0" type="stmt"/>
        <line num="192" count="2" type="cond" truecount="1" falsecount="0"/>
        <line num="193" count="2" type="stmt"/>
        <line num="194" count="2" type="stmt"/>
        <line num="195" count="1" type="stmt"/>
        <line num="196" count="1" type="stmt"/>
        <line num="197" count="1" type="stmt"/>
        <line num="198" count="1" type="stmt"/>
        <line num="199" count="1" type="stmt"/>
      </file>
    </package>
  </project>
</coverage>
