{"/Users/pleo2/Dev/ConnectBuy-Practice-test/src/App.tsx": {"path":"/Users/pleo2/Dev/ConnectBuy-Practice-test/src/App.tsx","all":true,"statementMap":{"0":{"start":{"line":1,"column":0},"end":{"line":1,"column":43}},"1":{"start":{"line":2,"column":0},"end":{"line":2,"column":8}},"2":{"start":{"line":3,"column":0},"end":{"line":3,"column":18}},"3":{"start":{"line":4,"column":0},"end":{"line":4,"column":29}},"4":{"start":{"line":5,"column":0},"end":{"line":5,"column":14}},"5":{"start":{"line":6,"column":0},"end":{"line":6,"column":28}},"6":{"start":{"line":7,"column":0},"end":{"line":7,"column":55}},"7":{"start":{"line":8,"column":0},"end":{"line":8,"column":61}},"8":{"start":{"line":9,"column":0},"end":{"line":9,"column":67}},"9":{"start":{"line":10,"column":0},"end":{"line":10,"column":0}},"10":{"start":{"line":11,"column":0},"end":{"line":11,"column":52}},"11":{"start":{"line":12,"column":0},"end":{"line":12,"column":50}},"12":{"start":{"line":13,"column":0},"end":{"line":13,"column":36}},"13":{"start":{"line":14,"column":0},"end":{"line":14,"column":66}},"14":{"start":{"line":15,"column":0},"end":{"line":15,"column":0}},"15":{"start":{"line":16,"column":0},"end":{"line":16,"column":30}},"16":{"start":{"line":17,"column":0},"end":{"line":17,"column":0}},"17":{"start":{"line":18,"column":0},"end":{"line":18,"column":42}},"18":{"start":{"line":19,"column":0},"end":{"line":19,"column":60}},"19":{"start":{"line":20,"column":0},"end":{"line":20,"column":29}},"20":{"start":{"line":21,"column":0},"end":{"line":21,"column":78}},"21":{"start":{"line":22,"column":0},"end":{"line":22,"column":72}},"22":{"start":{"line":23,"column":0},"end":{"line":23,"column":56}},"23":{"start":{"line":24,"column":0},"end":{"line":24,"column":72}},"24":{"start":{"line":25,"column":0},"end":{"line":25,"column":60}},"25":{"start":{"line":26,"column":0},"end":{"line":26,"column":50}},"26":{"start":{"line":27,"column":0},"end":{"line":27,"column":48}},"27":{"start":{"line":28,"column":0},"end":{"line":28,"column":6}},"28":{"start":{"line":29,"column":0},"end":{"line":29,"column":0}},"29":{"start":{"line":30,"column":0},"end":{"line":30,"column":63}},"30":{"start":{"line":31,"column":0},"end":{"line":31,"column":39}},"31":{"start":{"line":32,"column":0},"end":{"line":32,"column":13}},"32":{"start":{"line":33,"column":0},"end":{"line":33,"column":79}},"33":{"start":{"line":34,"column":0},"end":{"line":34,"column":32}},"34":{"start":{"line":35,"column":0},"end":{"line":35,"column":6}},"35":{"start":{"line":36,"column":0},"end":{"line":36,"column":0}},"36":{"start":{"line":37,"column":0},"end":{"line":37,"column":12}},"37":{"start":{"line":38,"column":0},"end":{"line":38,"column":25}},"38":{"start":{"line":39,"column":0},"end":{"line":39,"column":22}},"39":{"start":{"line":40,"column":0},"end":{"line":40,"column":14}},"40":{"start":{"line":41,"column":0},"end":{"line":41,"column":27}},"41":{"start":{"line":42,"column":0},"end":{"line":42,"column":22}},"42":{"start":{"line":43,"column":0},"end":{"line":43,"column":31}},"43":{"start":{"line":44,"column":0},"end":{"line":44,"column":27}},"44":{"start":{"line":45,"column":0},"end":{"line":45,"column":6}},"45":{"start":{"line":46,"column":0},"end":{"line":46,"column":1}},"46":{"start":{"line":47,"column":0},"end":{"line":47,"column":0}},"47":{"start":{"line":48,"column":0},"end":{"line":48,"column":16}},"48":{"start":{"line":49,"column":0},"end":{"line":49,"column":11}},"49":{"start":{"line":50,"column":0},"end":{"line":50,"column":25}},"50":{"start":{"line":51,"column":0},"end":{"line":51,"column":22}},"51":{"start":{"line":52,"column":0},"end":{"line":52,"column":14}},"52":{"start":{"line":53,"column":0},"end":{"line":53,"column":27}},"53":{"start":{"line":54,"column":0},"end":{"line":54,"column":22}},"54":{"start":{"line":55,"column":0},"end":{"line":55,"column":31}},"55":{"start":{"line":56,"column":0},"end":{"line":56,"column":27}},"56":{"start":{"line":57,"column":0},"end":{"line":57,"column":27}},"57":{"start":{"line":58,"column":0},"end":{"line":58,"column":0}},"58":{"start":{"line":59,"column":0},"end":{"line":59,"column":21}},"59":{"start":{"line":60,"column":0},"end":{"line":60,"column":27}},"60":{"start":{"line":61,"column":0},"end":{"line":61,"column":38}},"61":{"start":{"line":62,"column":0},"end":{"line":62,"column":11}},"62":{"start":{"line":63,"column":0},"end":{"line":63,"column":0}},"63":{"start":{"line":64,"column":0},"end":{"line":64,"column":21}},"64":{"start":{"line":65,"column":0},"end":{"line":65,"column":67}},"65":{"start":{"line":66,"column":0},"end":{"line":66,"column":72}},"66":{"start":{"line":67,"column":0},"end":{"line":67,"column":60}},"67":{"start":{"line":68,"column":0},"end":{"line":68,"column":80}},"68":{"start":{"line":69,"column":0},"end":{"line":69,"column":0}},"69":{"start":{"line":70,"column":0},"end":{"line":70,"column":31}},"70":{"start":{"line":71,"column":0},"end":{"line":71,"column":78}},"71":{"start":{"line":72,"column":0},"end":{"line":72,"column":50}},"72":{"start":{"line":73,"column":0},"end":{"line":73,"column":32}},"73":{"start":{"line":74,"column":0},"end":{"line":74,"column":64}},"74":{"start":{"line":75,"column":0},"end":{"line":75,"column":42}},"75":{"start":{"line":76,"column":0},"end":{"line":76,"column":22}},"76":{"start":{"line":77,"column":0},"end":{"line":77,"column":58}},"77":{"start":{"line":78,"column":0},"end":{"line":78,"column":43}},"78":{"start":{"line":79,"column":0},"end":{"line":79,"column":0}},"79":{"start":{"line":80,"column":0},"end":{"line":80,"column":70}},"80":{"start":{"line":81,"column":0},"end":{"line":81,"column":51}},"81":{"start":{"line":82,"column":0},"end":{"line":82,"column":13}},"82":{"start":{"line":83,"column":0},"end":{"line":83,"column":9}},"83":{"start":{"line":84,"column":0},"end":{"line":84,"column":70}},"84":{"start":{"line":85,"column":0},"end":{"line":85,"column":64}},"85":{"start":{"line":86,"column":0},"end":{"line":86,"column":0}},"86":{"start":{"line":87,"column":0},"end":{"line":87,"column":12}},"87":{"start":{"line":88,"column":0},"end":{"line":88,"column":37}},"88":{"start":{"line":89,"column":0},"end":{"line":89,"column":27}},"89":{"start":{"line":90,"column":0},"end":{"line":90,"column":17}},"90":{"start":{"line":91,"column":0},"end":{"line":91,"column":24}},"91":{"start":{"line":92,"column":0},"end":{"line":92,"column":42}},"92":{"start":{"line":93,"column":0},"end":{"line":93,"column":18}},"93":{"start":{"line":94,"column":0},"end":{"line":94,"column":13}},"94":{"start":{"line":95,"column":0},"end":{"line":95,"column":57}},"95":{"start":{"line":96,"column":0},"end":{"line":96,"column":73}},"96":{"start":{"line":97,"column":0},"end":{"line":97,"column":47}},"97":{"start":{"line":98,"column":0},"end":{"line":98,"column":33}},"98":{"start":{"line":99,"column":0},"end":{"line":99,"column":75}},"99":{"start":{"line":100,"column":0},"end":{"line":100,"column":78}},"100":{"start":{"line":101,"column":0},"end":{"line":101,"column":33}},"101":{"start":{"line":102,"column":0},"end":{"line":102,"column":22}},"102":{"start":{"line":103,"column":0},"end":{"line":103,"column":0}},"103":{"start":{"line":104,"column":0},"end":{"line":104,"column":82}},"104":{"start":{"line":105,"column":0},"end":{"line":105,"column":50}},"105":{"start":{"line":106,"column":0},"end":{"line":106,"column":31}},"106":{"start":{"line":107,"column":0},"end":{"line":107,"column":0}},"107":{"start":{"line":108,"column":0},"end":{"line":108,"column":31}},"108":{"start":{"line":109,"column":0},"end":{"line":109,"column":51}},"109":{"start":{"line":110,"column":0},"end":{"line":110,"column":59}},"110":{"start":{"line":111,"column":0},"end":{"line":111,"column":33}},"111":{"start":{"line":112,"column":0},"end":{"line":112,"column":18}},"112":{"start":{"line":113,"column":0},"end":{"line":113,"column":0}},"113":{"start":{"line":114,"column":0},"end":{"line":114,"column":37}},"114":{"start":{"line":115,"column":0},"end":{"line":115,"column":19}},"115":{"start":{"line":116,"column":0},"end":{"line":116,"column":24}},"116":{"start":{"line":117,"column":0},"end":{"line":117,"column":6}},"117":{"start":{"line":118,"column":0},"end":{"line":118,"column":1}},"118":{"start":{"line":119,"column":0},"end":{"line":119,"column":0}},"119":{"start":{"line":120,"column":0},"end":{"line":120,"column":19}}},"s":{"0":0,"1":0,"2":0,"3":0,"4":0,"5":0,"6":0,"7":0,"8":0,"9":0,"10":0,"11":0,"12":0,"13":0,"14":0,"15":0,"16":0,"17":0,"18":0,"19":0,"20":0,"21":0,"22":0,"23":0,"24":0,"25":0,"26":0,"27":0,"28":0,"29":0,"30":0,"31":0,"32":0,"33":0,"34":0,"35":0,"36":0,"37":0,"38":0,"39":0,"40":0,"41":0,"42":0,"43":0,"44":0,"45":0,"46":0,"47":0,"48":0,"49":0,"50":0,"51":0,"52":0,"53":0,"54":0,"55":0,"56":0,"57":0,"58":0,"59":0,"60":0,"61":0,"62":0,"63":0,"64":0,"65":0,"66":0,"67":0,"68":0,"69":0,"70":0,"71":0,"72":0,"73":0,"74":0,"75":0,"76":0,"77":0,"78":0,"79":0,"80":0,"81":0,"82":0,"83":0,"84":0,"85":0,"86":0,"87":0,"88":0,"89":0,"90":0,"91":0,"92":0,"93":0,"94":0,"95":0,"96":0,"97":0,"98":0,"99":0,"100":0,"101":0,"102":0,"103":0,"104":0,"105":0,"106":0,"107":0,"108":0,"109":0,"110":0,"111":0,"112":0,"113":0,"114":0,"115":0,"116":0,"117":0,"118":0,"119":0},"branchMap":{"0":{"type":"branch","line":1,"loc":{"start":{"line":1,"column":0},"end":{"line":120,"column":19}},"locations":[{"start":{"line":1,"column":0},"end":{"line":120,"column":19}}]}},"b":{"0":[0]},"fnMap":{"0":{"name":"(empty-report)","decl":{"start":{"line":1,"column":0},"end":{"line":120,"column":19}},"loc":{"start":{"line":1,"column":0},"end":{"line":120,"column":19}},"line":1}},"f":{"0":0}}
,"/Users/pleo2/Dev/ConnectBuy-Practice-test/src/types.ts": {"path":"/Users/pleo2/Dev/ConnectBuy-Practice-test/src/types.ts","all":true,"statementMap":{"0":{"start":{"line":1,"column":0},"end":{"line":1,"column":0}},"1":{"start":{"line":2,"column":0},"end":{"line":2,"column":24}},"2":{"start":{"line":3,"column":0},"end":{"line":3,"column":14}},"3":{"start":{"line":4,"column":0},"end":{"line":4,"column":16}},"4":{"start":{"line":5,"column":0},"end":{"line":5,"column":70}},"5":{"start":{"line":6,"column":0},"end":{"line":6,"column":21}},"6":{"start":{"line":7,"column":0},"end":{"line":7,"column":22}},"7":{"start":{"line":8,"column":0},"end":{"line":8,"column":3}},"8":{"start":{"line":9,"column":0},"end":{"line":9,"column":0}},"9":{"start":{"line":10,"column":0},"end":{"line":10,"column":29}},"10":{"start":{"line":11,"column":0},"end":{"line":11,"column":14}},"11":{"start":{"line":12,"column":0},"end":{"line":12,"column":16}},"12":{"start":{"line":13,"column":0},"end":{"line":13,"column":3}},"13":{"start":{"line":14,"column":0},"end":{"line":14,"column":0}},"14":{"start":{"line":15,"column":0},"end":{"line":15,"column":30}},"15":{"start":{"line":16,"column":0},"end":{"line":16,"column":14}},"16":{"start":{"line":17,"column":0},"end":{"line":17,"column":17}},"17":{"start":{"line":18,"column":0},"end":{"line":18,"column":23}},"18":{"start":{"line":19,"column":0},"end":{"line":19,"column":42}},"19":{"start":{"line":20,"column":0},"end":{"line":20,"column":51}},"20":{"start":{"line":21,"column":0},"end":{"line":21,"column":55}},"21":{"start":{"line":22,"column":0},"end":{"line":22,"column":59}},"22":{"start":{"line":23,"column":0},"end":{"line":23,"column":58}},"23":{"start":{"line":24,"column":0},"end":{"line":24,"column":66}},"24":{"start":{"line":25,"column":0},"end":{"line":25,"column":64}},"25":{"start":{"line":26,"column":0},"end":{"line":26,"column":3}}},"s":{"0":0,"1":0,"2":0,"3":0,"4":0,"5":0,"6":0,"7":0,"8":0,"9":0,"10":0,"11":0,"12":0,"13":0,"14":0,"15":0,"16":0,"17":0,"18":0,"19":0,"20":0,"21":0,"22":0,"23":0,"24":0,"25":0},"branchMap":{"0":{"type":"branch","line":1,"loc":{"start":{"line":1,"column":0},"end":{"line":26,"column":3}},"locations":[{"start":{"line":1,"column":0},"end":{"line":26,"column":3}}]}},"b":{"0":[0]},"fnMap":{"0":{"name":"(empty-report)","decl":{"start":{"line":1,"column":0},"end":{"line":26,"column":3}},"loc":{"start":{"line":1,"column":0},"end":{"line":26,"column":3}},"line":1}},"f":{"0":0}}
,"/Users/pleo2/Dev/ConnectBuy-Practice-test/src/components/FilterPanel.tsx": {"path":"/Users/pleo2/Dev/ConnectBuy-Practice-test/src/components/FilterPanel.tsx","all":false,"statementMap":{"0":{"start":{"line":1,"column":0},"end":{"line":1,"column":52}},"1":{"start":{"line":2,"column":0},"end":{"line":2,"column":36}},"2":{"start":{"line":3,"column":0},"end":{"line":3,"column":52}},"3":{"start":{"line":4,"column":0},"end":{"line":4,"column":50}},"4":{"start":{"line":5,"column":0},"end":{"line":5,"column":65}},"5":{"start":{"line":6,"column":0},"end":{"line":6,"column":46}},"6":{"start":{"line":7,"column":0},"end":{"line":7,"column":48}},"7":{"start":{"line":8,"column":0},"end":{"line":8,"column":42}},"8":{"start":{"line":9,"column":0},"end":{"line":9,"column":50}},"9":{"start":{"line":10,"column":0},"end":{"line":10,"column":40}},"10":{"start":{"line":11,"column":0},"end":{"line":11,"column":66}},"11":{"start":{"line":12,"column":0},"end":{"line":12,"column":0}},"12":{"start":{"line":13,"column":0},"end":{"line":13,"column":31}},"13":{"start":{"line":14,"column":0},"end":{"line":14,"column":66}},"14":{"start":{"line":15,"column":0},"end":{"line":15,"column":58}},"15":{"start":{"line":16,"column":0},"end":{"line":16,"column":60}},"16":{"start":{"line":17,"column":0},"end":{"line":17,"column":80}},"17":{"start":{"line":18,"column":0},"end":{"line":18,"column":74}},"18":{"start":{"line":19,"column":0},"end":{"line":19,"column":45}},"19":{"start":{"line":20,"column":0},"end":{"line":20,"column":43}},"20":{"start":{"line":21,"column":0},"end":{"line":21,"column":6}},"21":{"start":{"line":22,"column":0},"end":{"line":22,"column":70}},"22":{"start":{"line":23,"column":0},"end":{"line":23,"column":0}},"23":{"start":{"line":24,"column":0},"end":{"line":24,"column":76}},"24":{"start":{"line":25,"column":0},"end":{"line":25,"column":41}},"25":{"start":{"line":26,"column":0},"end":{"line":26,"column":55}},"26":{"start":{"line":27,"column":0},"end":{"line":27,"column":5}},"27":{"start":{"line":28,"column":0},"end":{"line":28,"column":0}},"28":{"start":{"line":29,"column":0},"end":{"line":29,"column":73}},"29":{"start":{"line":30,"column":0},"end":{"line":30,"column":41}},"30":{"start":{"line":31,"column":0},"end":{"line":31,"column":52}},"31":{"start":{"line":32,"column":0},"end":{"line":32,"column":5}},"32":{"start":{"line":33,"column":0},"end":{"line":33,"column":0}},"33":{"start":{"line":34,"column":0},"end":{"line":34,"column":79}},"34":{"start":{"line":35,"column":0},"end":{"line":35,"column":41}},"35":{"start":{"line":36,"column":0},"end":{"line":36,"column":48}},"36":{"start":{"line":37,"column":0},"end":{"line":37,"column":0}},"37":{"start":{"line":38,"column":0},"end":{"line":38,"column":27}},"38":{"start":{"line":39,"column":0},"end":{"line":39,"column":34}},"39":{"start":{"line":40,"column":0},"end":{"line":40,"column":35}},"40":{"start":{"line":41,"column":0},"end":{"line":41,"column":71}},"41":{"start":{"line":42,"column":0},"end":{"line":42,"column":10}},"42":{"start":{"line":43,"column":0},"end":{"line":43,"column":5}},"43":{"start":{"line":44,"column":0},"end":{"line":44,"column":0}},"44":{"start":{"line":45,"column":0},"end":{"line":45,"column":35}},"45":{"start":{"line":46,"column":0},"end":{"line":46,"column":23}},"46":{"start":{"line":47,"column":0},"end":{"line":47,"column":5}},"47":{"start":{"line":48,"column":0},"end":{"line":48,"column":0}},"48":{"start":{"line":49,"column":0},"end":{"line":49,"column":12}},"49":{"start":{"line":50,"column":0},"end":{"line":50,"column":12}},"50":{"start":{"line":51,"column":0},"end":{"line":51,"column":17}},"51":{"start":{"line":52,"column":0},"end":{"line":52,"column":22}},"52":{"start":{"line":53,"column":0},"end":{"line":53,"column":21}},"53":{"start":{"line":54,"column":0},"end":{"line":54,"column":36}},"54":{"start":{"line":55,"column":0},"end":{"line":55,"column":39}},"55":{"start":{"line":56,"column":0},"end":{"line":56,"column":31}},"56":{"start":{"line":57,"column":0},"end":{"line":57,"column":14}},"57":{"start":{"line":58,"column":0},"end":{"line":58,"column":9}},"58":{"start":{"line":59,"column":0},"end":{"line":59,"column":50}},"59":{"start":{"line":60,"column":0},"end":{"line":60,"column":35}},"60":{"start":{"line":61,"column":0},"end":{"line":61,"column":25}},"61":{"start":{"line":62,"column":0},"end":{"line":62,"column":31}},"62":{"start":{"line":63,"column":0},"end":{"line":63,"column":52}},"63":{"start":{"line":64,"column":0},"end":{"line":64,"column":59}},"64":{"start":{"line":65,"column":0},"end":{"line":65,"column":33}},"65":{"start":{"line":66,"column":0},"end":{"line":66,"column":33}},"66":{"start":{"line":67,"column":0},"end":{"line":67,"column":27}},"67":{"start":{"line":68,"column":0},"end":{"line":68,"column":55}},"68":{"start":{"line":69,"column":0},"end":{"line":69,"column":51}},"69":{"start":{"line":70,"column":0},"end":{"line":70,"column":56}},"70":{"start":{"line":71,"column":0},"end":{"line":71,"column":41}},"71":{"start":{"line":72,"column":0},"end":{"line":72,"column":55}},"72":{"start":{"line":73,"column":0},"end":{"line":73,"column":21}},"73":{"start":{"line":74,"column":0},"end":{"line":74,"column":43}},"74":{"start":{"line":75,"column":0},"end":{"line":75,"column":57}},"75":{"start":{"line":76,"column":0},"end":{"line":76,"column":35}},"76":{"start":{"line":77,"column":0},"end":{"line":77,"column":50}},"77":{"start":{"line":78,"column":0},"end":{"line":78,"column":66}},"78":{"start":{"line":79,"column":0},"end":{"line":79,"column":42}},"79":{"start":{"line":80,"column":0},"end":{"line":80,"column":39}},"80":{"start":{"line":81,"column":0},"end":{"line":81,"column":27}},"81":{"start":{"line":82,"column":0},"end":{"line":82,"column":29}},"82":{"start":{"line":83,"column":0},"end":{"line":83,"column":30}},"83":{"start":{"line":84,"column":0},"end":{"line":84,"column":0}},"84":{"start":{"line":85,"column":0},"end":{"line":85,"column":48}},"85":{"start":{"line":86,"column":0},"end":{"line":86,"column":52}},"86":{"start":{"line":87,"column":0},"end":{"line":87,"column":75}},"87":{"start":{"line":88,"column":0},"end":{"line":88,"column":27}},"88":{"start":{"line":89,"column":0},"end":{"line":89,"column":52}},"89":{"start":{"line":90,"column":0},"end":{"line":90,"column":48}},"90":{"start":{"line":91,"column":0},"end":{"line":91,"column":53}},"91":{"start":{"line":92,"column":0},"end":{"line":92,"column":38}},"92":{"start":{"line":93,"column":0},"end":{"line":93,"column":52}},"93":{"start":{"line":94,"column":0},"end":{"line":94,"column":21}},"94":{"start":{"line":95,"column":0},"end":{"line":95,"column":43}},"95":{"start":{"line":96,"column":0},"end":{"line":96,"column":54}},"96":{"start":{"line":97,"column":0},"end":{"line":97,"column":35}},"97":{"start":{"line":98,"column":0},"end":{"line":98,"column":48}},"98":{"start":{"line":99,"column":0},"end":{"line":99,"column":70}},"99":{"start":{"line":100,"column":0},"end":{"line":100,"column":44}},"100":{"start":{"line":101,"column":0},"end":{"line":101,"column":39}},"101":{"start":{"line":102,"column":0},"end":{"line":102,"column":27}},"102":{"start":{"line":103,"column":0},"end":{"line":103,"column":29}},"103":{"start":{"line":104,"column":0},"end":{"line":104,"column":30}},"104":{"start":{"line":105,"column":0},"end":{"line":105,"column":0}},"105":{"start":{"line":106,"column":0},"end":{"line":106,"column":26}},"106":{"start":{"line":107,"column":0},"end":{"line":107,"column":29}},"107":{"start":{"line":108,"column":0},"end":{"line":108,"column":32}},"108":{"start":{"line":109,"column":0},"end":{"line":109,"column":49}},"109":{"start":{"line":110,"column":0},"end":{"line":110,"column":33}},"110":{"start":{"line":111,"column":0},"end":{"line":111,"column":67}},"111":{"start":{"line":112,"column":0},"end":{"line":112,"column":67}},"112":{"start":{"line":113,"column":0},"end":{"line":113,"column":51}},"113":{"start":{"line":114,"column":0},"end":{"line":114,"column":33}},"114":{"start":{"line":115,"column":0},"end":{"line":115,"column":37}},"115":{"start":{"line":116,"column":0},"end":{"line":116,"column":34}},"116":{"start":{"line":117,"column":0},"end":{"line":117,"column":25}},"117":{"start":{"line":118,"column":0},"end":{"line":118,"column":22}},"118":{"start":{"line":119,"column":0},"end":{"line":119,"column":32}},"119":{"start":{"line":120,"column":0},"end":{"line":120,"column":69}},"120":{"start":{"line":121,"column":0},"end":{"line":121,"column":91}},"121":{"start":{"line":122,"column":0},"end":{"line":122,"column":35}},"122":{"start":{"line":123,"column":0},"end":{"line":123,"column":71}},"123":{"start":{"line":124,"column":0},"end":{"line":124,"column":65}},"124":{"start":{"line":125,"column":0},"end":{"line":125,"column":21}},"125":{"start":{"line":126,"column":0},"end":{"line":126,"column":18}},"126":{"start":{"line":127,"column":0},"end":{"line":127,"column":0}},"127":{"start":{"line":128,"column":0},"end":{"line":128,"column":23}},"128":{"start":{"line":129,"column":0},"end":{"line":129,"column":38}},"129":{"start":{"line":130,"column":0},"end":{"line":130,"column":37}},"130":{"start":{"line":131,"column":0},"end":{"line":131,"column":53}},"131":{"start":{"line":132,"column":0},"end":{"line":132,"column":48}},"132":{"start":{"line":133,"column":0},"end":{"line":133,"column":30}},"133":{"start":{"line":134,"column":0},"end":{"line":134,"column":46}},"134":{"start":{"line":135,"column":0},"end":{"line":135,"column":43}},"135":{"start":{"line":136,"column":0},"end":{"line":136,"column":54}},"136":{"start":{"line":137,"column":0},"end":{"line":137,"column":21}},"137":{"start":{"line":138,"column":0},"end":{"line":138,"column":17}},"138":{"start":{"line":139,"column":0},"end":{"line":139,"column":35}},"139":{"start":{"line":140,"column":0},"end":{"line":140,"column":25}},"140":{"start":{"line":141,"column":0},"end":{"line":141,"column":20}},"141":{"start":{"line":142,"column":0},"end":{"line":142,"column":14}},"142":{"start":{"line":143,"column":0},"end":{"line":143,"column":6}},"143":{"start":{"line":144,"column":0},"end":{"line":144,"column":1}}},"s":{"0":1,"1":1,"2":1,"3":1,"4":1,"5":1,"6":1,"7":1,"8":1,"9":1,"10":1,"11":1,"12":19,"13":19,"14":19,"15":19,"16":19,"17":19,"18":19,"19":19,"20":19,"21":19,"22":19,"23":19,"24":3,"25":3,"26":3,"27":19,"28":19,"29":2,"30":2,"31":2,"32":19,"33":19,"34":7,"35":7,"36":7,"37":7,"38":7,"39":7,"40":7,"41":7,"42":7,"43":19,"44":19,"45":1,"46":1,"47":19,"48":19,"49":19,"50":19,"51":19,"52":19,"53":19,"54":19,"55":19,"56":19,"57":19,"58":19,"59":19,"60":19,"61":19,"62":19,"63":19,"64":19,"65":19,"66":19,"67":19,"68":19,"69":19,"70":19,"71":19,"72":19,"73":19,"74":19,"75":19,"76":19,"77":38,"78":38,"79":38,"80":19,"81":19,"82":19,"83":19,"84":19,"85":19,"86":19,"87":19,"88":19,"89":19,"90":19,"91":19,"92":19,"93":19,"94":19,"95":19,"96":19,"97":19,"98":38,"99":38,"100":38,"101":19,"102":19,"103":19,"104":19,"105":19,"106":19,"107":19,"108":19,"109":19,"110":19,"111":19,"112":19,"113":19,"114":19,"115":19,"116":19,"117":19,"118":19,"119":19,"120":19,"121":19,"122":19,"123":19,"124":19,"125":19,"126":19,"127":19,"128":19,"129":19,"130":19,"131":19,"132":19,"133":19,"134":19,"135":14,"136":19,"137":19,"138":19,"139":19,"140":19,"141":19,"142":19,"143":19},"branchMap":{"0":{"type":"branch","line":13,"loc":{"start":{"line":13,"column":0},"end":{"line":144,"column":1}},"locations":[{"start":{"line":13,"column":0},"end":{"line":144,"column":1}}]},"1":{"type":"branch","line":70,"loc":{"start":{"line":70,"column":49},"end":{"line":70,"column":53}},"locations":[{"start":{"line":70,"column":49},"end":{"line":70,"column":53}}]},"2":{"type":"branch","line":70,"loc":{"start":{"line":70,"column":49},"end":{"line":70,"column":53}},"locations":[{"start":{"line":70,"column":49},"end":{"line":70,"column":53}}]},"3":{"type":"branch","line":70,"loc":{"start":{"line":70,"column":49},"end":{"line":70,"column":55}},"locations":[{"start":{"line":70,"column":49},"end":{"line":70,"column":55}}]},"4":{"type":"branch","line":91,"loc":{"start":{"line":91,"column":46},"end":{"line":91,"column":50}},"locations":[{"start":{"line":91,"column":46},"end":{"line":91,"column":50}}]},"5":{"type":"branch","line":91,"loc":{"start":{"line":91,"column":46},"end":{"line":91,"column":50}},"locations":[{"start":{"line":91,"column":46},"end":{"line":91,"column":50}}]},"6":{"type":"branch","line":91,"loc":{"start":{"line":91,"column":46},"end":{"line":91,"column":52}},"locations":[{"start":{"line":91,"column":46},"end":{"line":91,"column":52}}]},"7":{"type":"branch","line":112,"loc":{"start":{"line":112,"column":48},"end":{"line":112,"column":50}},"locations":[{"start":{"line":112,"column":48},"end":{"line":112,"column":50}}]},"8":{"type":"branch","line":112,"loc":{"start":{"line":112,"column":48},"end":{"line":112,"column":50}},"locations":[{"start":{"line":112,"column":48},"end":{"line":112,"column":50}}]},"9":{"type":"branch","line":112,"loc":{"start":{"line":112,"column":48},"end":{"line":112,"column":60}},"locations":[{"start":{"line":112,"column":48},"end":{"line":112,"column":60}}]},"10":{"type":"branch","line":112,"loc":{"start":{"line":112,"column":60},"end":{"line":112,"column":64}},"locations":[{"start":{"line":112,"column":60},"end":{"line":112,"column":64}}]},"11":{"type":"branch","line":112,"loc":{"start":{"line":112,"column":60},"end":{"line":112,"column":66}},"locations":[{"start":{"line":112,"column":60},"end":{"line":112,"column":66}}]},"12":{"type":"branch","line":124,"loc":{"start":{"line":124,"column":28},"end":{"line":124,"column":65}},"locations":[{"start":{"line":124,"column":28},"end":{"line":124,"column":65}}]},"13":{"type":"branch","line":134,"loc":{"start":{"line":134,"column":43},"end":{"line":135,"column":40}},"locations":[{"start":{"line":134,"column":43},"end":{"line":135,"column":40}}]},"14":{"type":"branch","line":135,"loc":{"start":{"line":135,"column":40},"end":{"line":136,"column":54}},"locations":[{"start":{"line":135,"column":40},"end":{"line":136,"column":54}}]},"15":{"type":"branch","line":14,"loc":{"start":{"line":14,"column":37},"end":{"line":14,"column":64}},"locations":[{"start":{"line":14,"column":37},"end":{"line":14,"column":64}}]},"16":{"type":"branch","line":15,"loc":{"start":{"line":15,"column":33},"end":{"line":15,"column":56}},"locations":[{"start":{"line":15,"column":33},"end":{"line":15,"column":56}}]},"17":{"type":"branch","line":16,"loc":{"start":{"line":16,"column":34},"end":{"line":16,"column":58}},"locations":[{"start":{"line":16,"column":34},"end":{"line":16,"column":58}}]},"18":{"type":"branch","line":17,"loc":{"start":{"line":17,"column":44},"end":{"line":17,"column":78}},"locations":[{"start":{"line":17,"column":44},"end":{"line":17,"column":78}}]},"19":{"type":"branch","line":18,"loc":{"start":{"line":18,"column":41},"end":{"line":18,"column":72}},"locations":[{"start":{"line":18,"column":41},"end":{"line":18,"column":72}}]},"20":{"type":"branch","line":20,"loc":{"start":{"line":20,"column":8},"end":{"line":20,"column":43}},"locations":[{"start":{"line":20,"column":8},"end":{"line":20,"column":43}}]},"21":{"type":"branch","line":22,"loc":{"start":{"line":22,"column":39},"end":{"line":22,"column":68}},"locations":[{"start":{"line":22,"column":39},"end":{"line":22,"column":68}}]},"22":{"type":"branch","line":24,"loc":{"start":{"line":24,"column":4},"end":{"line":27,"column":5}},"locations":[{"start":{"line":24,"column":4},"end":{"line":27,"column":5}}]},"23":{"type":"branch","line":26,"loc":{"start":{"line":26,"column":39},"end":{"line":26,"column":45}},"locations":[{"start":{"line":26,"column":39},"end":{"line":26,"column":45}}]},"24":{"type":"branch","line":26,"loc":{"start":{"line":26,"column":46},"end":{"line":26,"column":53}},"locations":[{"start":{"line":26,"column":46},"end":{"line":26,"column":53}}]},"25":{"type":"branch","line":29,"loc":{"start":{"line":29,"column":4},"end":{"line":32,"column":5}},"locations":[{"start":{"line":29,"column":4},"end":{"line":32,"column":5}}]},"26":{"type":"branch","line":31,"loc":{"start":{"line":31,"column":36},"end":{"line":31,"column":42}},"locations":[{"start":{"line":31,"column":36},"end":{"line":31,"column":42}}]},"27":{"type":"branch","line":31,"loc":{"start":{"line":31,"column":43},"end":{"line":31,"column":50}},"locations":[{"start":{"line":31,"column":43},"end":{"line":31,"column":50}}]},"28":{"type":"branch","line":34,"loc":{"start":{"line":34,"column":4},"end":{"line":43,"column":5}},"locations":[{"start":{"line":34,"column":4},"end":{"line":43,"column":5}}]},"29":{"type":"branch","line":41,"loc":{"start":{"line":41,"column":31},"end":{"line":41,"column":50}},"locations":[{"start":{"line":41,"column":31},"end":{"line":41,"column":50}}]},"30":{"type":"branch","line":41,"loc":{"start":{"line":41,"column":51},"end":{"line":41,"column":64}},"locations":[{"start":{"line":41,"column":51},"end":{"line":41,"column":64}}]},"31":{"type":"branch","line":41,"loc":{"start":{"line":41,"column":65},"end":{"line":41,"column":71}},"locations":[{"start":{"line":41,"column":65},"end":{"line":41,"column":71}}]},"32":{"type":"branch","line":45,"loc":{"start":{"line":45,"column":4},"end":{"line":47,"column":5}},"locations":[{"start":{"line":45,"column":4},"end":{"line":47,"column":5}}]},"33":{"type":"branch","line":77,"loc":{"start":{"line":77,"column":40},"end":{"line":80,"column":39}},"locations":[{"start":{"line":77,"column":40},"end":{"line":80,"column":39}}]},"34":{"type":"branch","line":98,"loc":{"start":{"line":98,"column":36},"end":{"line":101,"column":39}},"locations":[{"start":{"line":98,"column":36},"end":{"line":101,"column":39}}]}},"b":{"0":[19],"1":[4],"2":[4],"3":[15],"4":[1],"5":[1],"6":[18],"7":[4],"8":[15],"9":[4],"10":[4],"11":[15],"12":[0],"13":[15],"14":[14],"15":[70],"16":[70],"17":[70],"18":[70],"19":[70],"20":[70],"21":[70],"22":[3],"23":[1],"24":[2],"25":[2],"26":[1],"27":[1],"28":[7],"29":[6],"30":[4],"31":[3],"32":[1],"33":[38],"34":[38]},"fnMap":{"0":{"name":"FilterPanel","decl":{"start":{"line":13,"column":0},"end":{"line":144,"column":1}},"loc":{"start":{"line":13,"column":0},"end":{"line":144,"column":1}},"line":13},"1":{"name":"handleCategoryChange","decl":{"start":{"line":24,"column":4},"end":{"line":27,"column":5}},"loc":{"start":{"line":24,"column":4},"end":{"line":27,"column":5}},"line":24},"2":{"name":"handleStoreChange","decl":{"start":{"line":29,"column":4},"end":{"line":32,"column":5}},"loc":{"start":{"line":29,"column":4},"end":{"line":32,"column":5}},"line":29},"3":{"name":"handleDistanceChange","decl":{"start":{"line":34,"column":4},"end":{"line":43,"column":5}},"loc":{"start":{"line":34,"column":4},"end":{"line":43,"column":5}},"line":34},"4":{"name":"handleClearFilters","decl":{"start":{"line":45,"column":4},"end":{"line":47,"column":5}},"loc":{"start":{"line":45,"column":4},"end":{"line":47,"column":5}},"line":45}},"f":{"0":19,"1":3,"2":2,"3":7,"4":1}}
,"/Users/pleo2/Dev/ConnectBuy-Practice-test/src/components/NotificationAlert.tsx": {"path":"/Users/pleo2/Dev/ConnectBuy-Practice-test/src/components/NotificationAlert.tsx","all":false,"statementMap":{"0":{"start":{"line":1,"column":0},"end":{"line":1,"column":52}},"1":{"start":{"line":2,"column":0},"end":{"line":2,"column":46}},"2":{"start":{"line":3,"column":0},"end":{"line":3,"column":56}},"3":{"start":{"line":4,"column":0},"end":{"line":4,"column":56}},"4":{"start":{"line":5,"column":0},"end":{"line":5,"column":35}},"5":{"start":{"line":6,"column":0},"end":{"line":6,"column":0}},"6":{"start":{"line":7,"column":0},"end":{"line":7,"column":45}},"7":{"start":{"line":8,"column":0},"end":{"line":8,"column":47}},"8":{"start":{"line":9,"column":0},"end":{"line":9,"column":1}},"9":{"start":{"line":10,"column":0},"end":{"line":10,"column":0}},"10":{"start":{"line":11,"column":0},"end":{"line":11,"column":61}},"11":{"start":{"line":12,"column":0},"end":{"line":12,"column":40}},"12":{"start":{"line":13,"column":0},"end":{"line":13,"column":77}},"13":{"start":{"line":14,"column":0},"end":{"line":14,"column":5}},"14":{"start":{"line":15,"column":0},"end":{"line":15,"column":2}},"15":{"start":{"line":16,"column":0},"end":{"line":16,"column":0}},"16":{"start":{"line":17,"column":0},"end":{"line":17,"column":37}},"17":{"start":{"line":18,"column":0},"end":{"line":18,"column":39}},"18":{"start":{"line":19,"column":0},"end":{"line":19,"column":53}},"19":{"start":{"line":20,"column":0},"end":{"line":20,"column":6}},"20":{"start":{"line":21,"column":0},"end":{"line":21,"column":44}},"21":{"start":{"line":22,"column":0},"end":{"line":22,"column":58}},"22":{"start":{"line":23,"column":0},"end":{"line":23,"column":6}},"23":{"start":{"line":24,"column":0},"end":{"line":24,"column":0}},"24":{"start":{"line":25,"column":0},"end":{"line":25,"column":41}},"25":{"start":{"line":26,"column":0},"end":{"line":26,"column":0}},"26":{"start":{"line":27,"column":0},"end":{"line":27,"column":25}},"27":{"start":{"line":28,"column":0},"end":{"line":28,"column":45}},"28":{"start":{"line":29,"column":0},"end":{"line":29,"column":23}},"29":{"start":{"line":30,"column":0},"end":{"line":30,"column":7}},"30":{"start":{"line":31,"column":0},"end":{"line":31,"column":37}},"31":{"start":{"line":32,"column":0},"end":{"line":32,"column":19}},"32":{"start":{"line":33,"column":0},"end":{"line":33,"column":9}},"33":{"start":{"line":34,"column":0},"end":{"line":34,"column":28}},"34":{"start":{"line":35,"column":0},"end":{"line":35,"column":5}},"35":{"start":{"line":36,"column":0},"end":{"line":36,"column":0}},"36":{"start":{"line":37,"column":0},"end":{"line":37,"column":12}},"37":{"start":{"line":38,"column":0},"end":{"line":38,"column":17}},"38":{"start":{"line":39,"column":0},"end":{"line":39,"column":25}},"39":{"start":{"line":40,"column":0},"end":{"line":40,"column":73}},"40":{"start":{"line":41,"column":0},"end":{"line":41,"column":33}},"41":{"start":{"line":42,"column":0},"end":{"line":42,"column":70}},"42":{"start":{"line":43,"column":0},"end":{"line":43,"column":49}},"43":{"start":{"line":44,"column":0},"end":{"line":44,"column":9}},"44":{"start":{"line":45,"column":0},"end":{"line":45,"column":26}},"45":{"start":{"line":46,"column":0},"end":{"line":46,"column":38}},"46":{"start":{"line":47,"column":0},"end":{"line":47,"column":37}},"47":{"start":{"line":48,"column":0},"end":{"line":48,"column":31}},"48":{"start":{"line":49,"column":0},"end":{"line":49,"column":38}},"49":{"start":{"line":50,"column":0},"end":{"line":50,"column":13}},"50":{"start":{"line":51,"column":0},"end":{"line":51,"column":79}},"51":{"start":{"line":52,"column":0},"end":{"line":52,"column":43}},"52":{"start":{"line":53,"column":0},"end":{"line":53,"column":28}},"53":{"start":{"line":54,"column":0},"end":{"line":54,"column":19}},"54":{"start":{"line":55,"column":0},"end":{"line":55,"column":6}},"55":{"start":{"line":56,"column":0},"end":{"line":56,"column":1}}},"s":{"0":1,"1":1,"2":1,"3":1,"4":1,"5":1,"6":8,"7":8,"8":8,"9":1,"10":1,"11":1,"12":12,"13":12,"14":1,"15":1,"16":6,"17":6,"18":6,"19":6,"20":6,"21":6,"22":6,"23":6,"24":6,"25":6,"26":6,"27":2,"28":2,"29":2,"30":2,"31":0,"32":0,"33":2,"34":2,"35":6,"36":6,"37":6,"38":6,"39":6,"40":6,"41":6,"42":6,"43":6,"44":6,"45":6,"46":6,"47":6,"48":6,"49":6,"50":6,"51":6,"52":6,"53":6,"54":6,"55":6},"branchMap":{"0":{"type":"branch","line":7,"loc":{"start":{"line":7,"column":0},"end":{"line":9,"column":1}},"locations":[{"start":{"line":7,"column":0},"end":{"line":9,"column":1}}]},"1":{"type":"branch","line":12,"loc":{"start":{"line":12,"column":4},"end":{"line":14,"column":5}},"locations":[{"start":{"line":12,"column":4},"end":{"line":14,"column":5}}]},"2":{"type":"branch","line":17,"loc":{"start":{"line":17,"column":0},"end":{"line":56,"column":1}},"locations":[{"start":{"line":17,"column":0},"end":{"line":56,"column":1}}]},"3":{"type":"branch","line":51,"loc":{"start":{"line":51,"column":64},"end":{"line":51,"column":66}},"locations":[{"start":{"line":51,"column":64},"end":{"line":51,"column":66}}]},"4":{"type":"branch","line":51,"loc":{"start":{"line":51,"column":64},"end":{"line":51,"column":66}},"locations":[{"start":{"line":51,"column":64},"end":{"line":51,"column":66}}]},"5":{"type":"branch","line":51,"loc":{"start":{"line":51,"column":64},"end":{"line":51,"column":71}},"locations":[{"start":{"line":51,"column":64},"end":{"line":51,"column":71}}]},"6":{"type":"branch","line":52,"loc":{"start":{"line":52,"column":29},"end":{"line":52,"column":31}},"locations":[{"start":{"line":52,"column":29},"end":{"line":52,"column":31}}]},"7":{"type":"branch","line":52,"loc":{"start":{"line":52,"column":29},"end":{"line":52,"column":31}},"locations":[{"start":{"line":52,"column":29},"end":{"line":52,"column":31}}]},"8":{"type":"branch","line":52,"loc":{"start":{"line":52,"column":29},"end":{"line":52,"column":42}},"locations":[{"start":{"line":52,"column":29},"end":{"line":52,"column":42}}]},"9":{"type":"branch","line":46,"loc":{"start":{"line":46,"column":33},"end":{"line":46,"column":35}},"locations":[{"start":{"line":46,"column":33},"end":{"line":46,"column":35}}]},"10":{"type":"branch","line":46,"loc":{"start":{"line":46,"column":33},"end":{"line":46,"column":35}},"locations":[{"start":{"line":46,"column":33},"end":{"line":46,"column":35}}]},"11":{"type":"branch","line":46,"loc":{"start":{"line":46,"column":33},"end":{"line":46,"column":37}},"locations":[{"start":{"line":46,"column":33},"end":{"line":46,"column":37}}]},"12":{"type":"branch","line":19,"loc":{"start":{"line":19,"column":8},"end":{"line":19,"column":53}},"locations":[{"start":{"line":19,"column":8},"end":{"line":19,"column":53}}]},"13":{"type":"branch","line":22,"loc":{"start":{"line":22,"column":8},"end":{"line":22,"column":58}},"locations":[{"start":{"line":22,"column":8},"end":{"line":22,"column":58}}]},"14":{"type":"branch","line":27,"loc":{"start":{"line":27,"column":4},"end":{"line":35,"column":5}},"locations":[{"start":{"line":27,"column":4},"end":{"line":35,"column":5}}]},"15":{"type":"branch","line":31,"loc":{"start":{"line":31,"column":36},"end":{"line":33,"column":9}},"locations":[{"start":{"line":31,"column":36},"end":{"line":33,"column":9}}]}},"b":{"0":[8],"1":[12],"2":[6],"3":[3],"4":[3],"5":[3],"6":[3],"7":[3],"8":[3],"9":[3],"10":[3],"11":[3],"12":[20],"13":[20],"14":[2],"15":[0]},"fnMap":{"0":{"name":"SlideTransition","decl":{"start":{"line":7,"column":0},"end":{"line":9,"column":1}},"loc":{"start":{"line":7,"column":0},"end":{"line":9,"column":1}},"line":7},"1":{"name":"SnackbarAlert","decl":{"start":{"line":12,"column":4},"end":{"line":14,"column":5}},"loc":{"start":{"line":12,"column":4},"end":{"line":14,"column":5}},"line":12},"2":{"name":"NotificationAlert","decl":{"start":{"line":17,"column":0},"end":{"line":56,"column":1}},"loc":{"start":{"line":17,"column":0},"end":{"line":56,"column":1}},"line":17},"3":{"name":"handleClose","decl":{"start":{"line":27,"column":4},"end":{"line":35,"column":5}},"loc":{"start":{"line":27,"column":4},"end":{"line":35,"column":5}},"line":27}},"f":{"0":8,"1":12,"2":6,"3":2}}
,"/Users/pleo2/Dev/ConnectBuy-Practice-test/src/components/PromotionCard.tsx": {"path":"/Users/pleo2/Dev/ConnectBuy-Practice-test/src/components/PromotionCard.tsx","all":false,"statementMap":{"0":{"start":{"line":1,"column":0},"end":{"line":1,"column":29}},"1":{"start":{"line":2,"column":0},"end":{"line":2,"column":0}},"2":{"start":{"line":3,"column":0},"end":{"line":3,"column":37}},"3":{"start":{"line":4,"column":0},"end":{"line":4,"column":38}},"4":{"start":{"line":5,"column":0},"end":{"line":5,"column":52}},"5":{"start":{"line":6,"column":0},"end":{"line":6,"column":48}},"6":{"start":{"line":7,"column":0},"end":{"line":7,"column":50}},"7":{"start":{"line":8,"column":0},"end":{"line":8,"column":38}},"8":{"start":{"line":9,"column":0},"end":{"line":9,"column":40}},"9":{"start":{"line":10,"column":0},"end":{"line":10,"column":36}},"10":{"start":{"line":11,"column":0},"end":{"line":11,"column":60}},"11":{"start":{"line":12,"column":0},"end":{"line":12,"column":56}},"12":{"start":{"line":13,"column":0},"end":{"line":13,"column":58}},"13":{"start":{"line":14,"column":0},"end":{"line":14,"column":62}},"14":{"start":{"line":15,"column":0},"end":{"line":15,"column":0}},"15":{"start":{"line":16,"column":0},"end":{"line":16,"column":30}},"16":{"start":{"line":17,"column":0},"end":{"line":17,"column":25}},"17":{"start":{"line":18,"column":0},"end":{"line":18,"column":1}},"18":{"start":{"line":19,"column":0},"end":{"line":19,"column":0}},"19":{"start":{"line":20,"column":0},"end":{"line":20,"column":67}},"20":{"start":{"line":21,"column":0},"end":{"line":21,"column":32}},"21":{"start":{"line":22,"column":0},"end":{"line":22,"column":9}},"22":{"start":{"line":23,"column":0},"end":{"line":23,"column":41}},"23":{"start":{"line":24,"column":0},"end":{"line":24,"column":47}},"24":{"start":{"line":25,"column":0},"end":{"line":25,"column":48}},"25":{"start":{"line":26,"column":0},"end":{"line":26,"column":17}},"26":{"start":{"line":27,"column":0},"end":{"line":27,"column":62}},"27":{"start":{"line":28,"column":0},"end":{"line":28,"column":20}},"28":{"start":{"line":29,"column":0},"end":{"line":29,"column":5}},"29":{"start":{"line":30,"column":0},"end":{"line":30,"column":1}},"30":{"start":{"line":31,"column":0},"end":{"line":31,"column":0}},"31":{"start":{"line":32,"column":0},"end":{"line":32,"column":68}},"32":{"start":{"line":33,"column":0},"end":{"line":33,"column":11}},"33":{"start":{"line":34,"column":0},"end":{"line":34,"column":14}},"34":{"start":{"line":35,"column":0},"end":{"line":35,"column":20}},"35":{"start":{"line":36,"column":0},"end":{"line":36,"column":17}},"36":{"start":{"line":37,"column":0},"end":{"line":37,"column":14}},"37":{"start":{"line":38,"column":0},"end":{"line":38,"column":17}},"38":{"start":{"line":39,"column":0},"end":{"line":39,"column":27}},"39":{"start":{"line":40,"column":0},"end":{"line":40,"column":21}},"40":{"start":{"line":41,"column":0},"end":{"line":41,"column":19}},"41":{"start":{"line":42,"column":0},"end":{"line":42,"column":17}},"42":{"start":{"line":43,"column":0},"end":{"line":43,"column":18}},"43":{"start":{"line":44,"column":0},"end":{"line":44,"column":0}},"44":{"start":{"line":45,"column":0},"end":{"line":45,"column":55}},"45":{"start":{"line":46,"column":0},"end":{"line":46,"column":21}},"46":{"start":{"line":47,"column":0},"end":{"line":47,"column":65}},"47":{"start":{"line":48,"column":0},"end":{"line":48,"column":18}},"48":{"start":{"line":49,"column":0},"end":{"line":49,"column":20}},"49":{"start":{"line":50,"column":0},"end":{"line":50,"column":0}},"50":{"start":{"line":51,"column":0},"end":{"line":51,"column":12}},"51":{"start":{"line":52,"column":0},"end":{"line":52,"column":13}},"52":{"start":{"line":53,"column":0},"end":{"line":53,"column":17}},"53":{"start":{"line":54,"column":0},"end":{"line":54,"column":31}},"54":{"start":{"line":55,"column":0},"end":{"line":55,"column":32}},"55":{"start":{"line":56,"column":0},"end":{"line":56,"column":40}},"56":{"start":{"line":57,"column":0},"end":{"line":57,"column":63}},"57":{"start":{"line":58,"column":0},"end":{"line":58,"column":81}},"58":{"start":{"line":59,"column":0},"end":{"line":59,"column":71}},"59":{"start":{"line":60,"column":0},"end":{"line":60,"column":14}},"60":{"start":{"line":61,"column":0},"end":{"line":61,"column":9}},"61":{"start":{"line":62,"column":0},"end":{"line":62,"column":22}},"62":{"start":{"line":63,"column":0},"end":{"line":63,"column":31}},"63":{"start":{"line":64,"column":0},"end":{"line":64,"column":28}},"64":{"start":{"line":65,"column":0},"end":{"line":65,"column":23}},"65":{"start":{"line":66,"column":0},"end":{"line":66,"column":31}},"66":{"start":{"line":67,"column":0},"end":{"line":67,"column":83}},"67":{"start":{"line":68,"column":0},"end":{"line":68,"column":17}},"68":{"start":{"line":69,"column":0},"end":{"line":69,"column":27}},"69":{"start":{"line":70,"column":0},"end":{"line":70,"column":14}},"70":{"start":{"line":71,"column":0},"end":{"line":71,"column":46}},"71":{"start":{"line":72,"column":0},"end":{"line":72,"column":22}},"72":{"start":{"line":73,"column":0},"end":{"line":73,"column":35}},"73":{"start":{"line":74,"column":0},"end":{"line":74,"column":31}},"74":{"start":{"line":75,"column":0},"end":{"line":75,"column":34}},"75":{"start":{"line":76,"column":0},"end":{"line":76,"column":39}},"76":{"start":{"line":77,"column":0},"end":{"line":77,"column":17}},"77":{"start":{"line":78,"column":0},"end":{"line":78,"column":25}},"78":{"start":{"line":79,"column":0},"end":{"line":79,"column":64}},"79":{"start":{"line":80,"column":0},"end":{"line":80,"column":45}},"80":{"start":{"line":81,"column":0},"end":{"line":81,"column":36}},"81":{"start":{"line":82,"column":0},"end":{"line":82,"column":41}},"82":{"start":{"line":83,"column":0},"end":{"line":83,"column":42}},"83":{"start":{"line":84,"column":0},"end":{"line":84,"column":22}},"84":{"start":{"line":85,"column":0},"end":{"line":85,"column":35}},"85":{"start":{"line":86,"column":0},"end":{"line":86,"column":29}},"86":{"start":{"line":87,"column":0},"end":{"line":87,"column":71}},"87":{"start":{"line":88,"column":0},"end":{"line":88,"column":44}},"88":{"start":{"line":89,"column":0},"end":{"line":89,"column":40}},"89":{"start":{"line":90,"column":0},"end":{"line":90,"column":41}},"90":{"start":{"line":91,"column":0},"end":{"line":91,"column":44}},"91":{"start":{"line":92,"column":0},"end":{"line":92,"column":26}},"92":{"start":{"line":93,"column":0},"end":{"line":93,"column":22}},"93":{"start":{"line":94,"column":0},"end":{"line":94,"column":24}},"94":{"start":{"line":95,"column":0},"end":{"line":95,"column":70}},"95":{"start":{"line":96,"column":0},"end":{"line":96,"column":27}},"96":{"start":{"line":97,"column":0},"end":{"line":97,"column":29}},"97":{"start":{"line":98,"column":0},"end":{"line":98,"column":27}},"98":{"start":{"line":99,"column":0},"end":{"line":99,"column":35}},"99":{"start":{"line":100,"column":0},"end":{"line":100,"column":42}},"100":{"start":{"line":101,"column":0},"end":{"line":101,"column":36}},"101":{"start":{"line":102,"column":0},"end":{"line":102,"column":17}},"102":{"start":{"line":103,"column":0},"end":{"line":103,"column":33}},"103":{"start":{"line":104,"column":0},"end":{"line":104,"column":29}},"104":{"start":{"line":105,"column":0},"end":{"line":105,"column":40}},"105":{"start":{"line":106,"column":0},"end":{"line":106,"column":31}},"106":{"start":{"line":107,"column":0},"end":{"line":107,"column":39}},"107":{"start":{"line":108,"column":0},"end":{"line":108,"column":42}},"108":{"start":{"line":109,"column":0},"end":{"line":109,"column":51}},"109":{"start":{"line":110,"column":0},"end":{"line":110,"column":21}},"110":{"start":{"line":111,"column":0},"end":{"line":111,"column":58}},"111":{"start":{"line":112,"column":0},"end":{"line":112,"column":33}},"112":{"start":{"line":113,"column":0},"end":{"line":113,"column":18}},"113":{"start":{"line":114,"column":0},"end":{"line":114,"column":34}},"114":{"start":{"line":115,"column":0},"end":{"line":115,"column":31}},"115":{"start":{"line":116,"column":0},"end":{"line":116,"column":41}},"116":{"start":{"line":117,"column":0},"end":{"line":117,"column":46}},"117":{"start":{"line":118,"column":0},"end":{"line":118,"column":39}},"118":{"start":{"line":119,"column":0},"end":{"line":119,"column":21}},"119":{"start":{"line":120,"column":0},"end":{"line":120,"column":74}},"120":{"start":{"line":121,"column":0},"end":{"line":121,"column":33}},"121":{"start":{"line":122,"column":0},"end":{"line":122,"column":18}},"122":{"start":{"line":123,"column":0},"end":{"line":123,"column":20}},"123":{"start":{"line":124,"column":0},"end":{"line":124,"column":34}},"124":{"start":{"line":125,"column":0},"end":{"line":125,"column":39}},"125":{"start":{"line":126,"column":0},"end":{"line":126,"column":28}},"126":{"start":{"line":127,"column":0},"end":{"line":127,"column":42}},"127":{"start":{"line":128,"column":0},"end":{"line":128,"column":17}},"128":{"start":{"line":129,"column":0},"end":{"line":129,"column":72}},"129":{"start":{"line":130,"column":0},"end":{"line":130,"column":75}},"130":{"start":{"line":131,"column":0},"end":{"line":131,"column":22}},"131":{"start":{"line":132,"column":0},"end":{"line":132,"column":41}},"132":{"start":{"line":133,"column":0},"end":{"line":133,"column":24}},"133":{"start":{"line":134,"column":0},"end":{"line":134,"column":38}},"134":{"start":{"line":135,"column":0},"end":{"line":135,"column":43}},"135":{"start":{"line":136,"column":0},"end":{"line":136,"column":32}},"136":{"start":{"line":137,"column":0},"end":{"line":137,"column":76}},"137":{"start":{"line":138,"column":0},"end":{"line":138,"column":21}},"138":{"start":{"line":139,"column":0},"end":{"line":139,"column":75}},"139":{"start":{"line":140,"column":0},"end":{"line":140,"column":54}},"140":{"start":{"line":141,"column":0},"end":{"line":141,"column":77}},"141":{"start":{"line":142,"column":0},"end":{"line":142,"column":49}},"142":{"start":{"line":143,"column":0},"end":{"line":143,"column":37}},"143":{"start":{"line":144,"column":0},"end":{"line":144,"column":26}},"144":{"start":{"line":145,"column":0},"end":{"line":145,"column":18}},"145":{"start":{"line":146,"column":0},"end":{"line":146,"column":26}},"146":{"start":{"line":147,"column":0},"end":{"line":147,"column":15}},"147":{"start":{"line":148,"column":0},"end":{"line":148,"column":6}},"148":{"start":{"line":149,"column":0},"end":{"line":149,"column":1}},"149":{"start":{"line":150,"column":0},"end":{"line":150,"column":0}},"150":{"start":{"line":151,"column":0},"end":{"line":151,"column":58}}},"s":{"0":1,"1":1,"2":1,"3":1,"4":1,"5":1,"6":1,"7":1,"8":1,"9":1,"10":1,"11":1,"12":1,"13":1,"14":1,"15":1,"16":1,"17":1,"18":1,"19":8,"20":8,"21":2,"22":2,"23":8,"24":2,"25":8,"26":0,"27":0,"28":0,"29":8,"30":1,"31":8,"32":8,"33":8,"34":8,"35":8,"36":8,"37":8,"38":8,"39":8,"40":8,"41":8,"42":8,"43":8,"44":8,"45":8,"46":8,"47":8,"48":8,"49":8,"50":8,"51":8,"52":8,"53":8,"54":8,"55":8,"56":8,"57":8,"58":8,"59":8,"60":8,"61":8,"62":8,"63":8,"64":8,"65":8,"66":1,"67":8,"68":8,"69":8,"70":8,"71":8,"72":8,"73":8,"74":8,"75":8,"76":8,"77":8,"78":8,"79":8,"80":8,"81":8,"82":8,"83":8,"84":8,"85":1,"86":1,"87":1,"88":1,"89":1,"90":1,"91":1,"92":8,"93":8,"94":8,"95":8,"96":8,"97":8,"98":8,"99":8,"100":8,"101":8,"102":8,"103":8,"104":8,"105":1,"106":1,"107":1,"108":1,"109":1,"110":1,"111":1,"112":8,"113":8,"114":1,"115":1,"116":1,"117":1,"118":1,"119":1,"120":1,"121":8,"122":8,"123":8,"124":8,"125":8,"126":8,"127":8,"128":8,"129":8,"130":8,"131":8,"132":2,"133":2,"134":2,"135":2,"136":2,"137":2,"138":2,"139":2,"140":2,"141":2,"142":2,"143":2,"144":8,"145":8,"146":8,"147":8,"148":8,"149":1,"150":1},"branchMap":{"0":{"type":"branch","line":20,"loc":{"start":{"line":20,"column":0},"end":{"line":30,"column":1}},"locations":[{"start":{"line":20,"column":0},"end":{"line":30,"column":1}}]},"1":{"type":"branch","line":21,"loc":{"start":{"line":21,"column":20},"end":{"line":21,"column":32}},"locations":[{"start":{"line":21,"column":20},"end":{"line":21,"column":32}}]},"2":{"type":"branch","line":22,"loc":{"start":{"line":22,"column":-1},"end":{"line":24,"column":42}},"locations":[{"start":{"line":22,"column":-1},"end":{"line":24,"column":42}}]},"3":{"type":"branch","line":24,"loc":{"start":{"line":24,"column":35},"end":{"line":24,"column":47}},"locations":[{"start":{"line":24,"column":35},"end":{"line":24,"column":47}}]},"4":{"type":"branch","line":25,"loc":{"start":{"line":25,"column":-1},"end":{"line":26,"column":13}},"locations":[{"start":{"line":25,"column":-1},"end":{"line":26,"column":13}}]},"5":{"type":"branch","line":26,"loc":{"start":{"line":26,"column":6},"end":{"line":29,"column":5}},"locations":[{"start":{"line":26,"column":6},"end":{"line":29,"column":5}}]},"6":{"type":"branch","line":32,"loc":{"start":{"line":32,"column":0},"end":{"line":149,"column":1}},"locations":[{"start":{"line":32,"column":0},"end":{"line":149,"column":1}}]},"7":{"type":"branch","line":47,"loc":{"start":{"line":47,"column":18},"end":{"line":47,"column":65}},"locations":[{"start":{"line":47,"column":18},"end":{"line":47,"column":65}}]},"8":{"type":"branch","line":48,"loc":{"start":{"line":48,"column":12},"end":{"line":48,"column":18}},"locations":[{"start":{"line":48,"column":12},"end":{"line":48,"column":18}}]},"9":{"type":"branch","line":49,"loc":{"start":{"line":49,"column":12},"end":{"line":49,"column":19}},"locations":[{"start":{"line":49,"column":12},"end":{"line":49,"column":19}}]},"10":{"type":"branch","line":57,"loc":{"start":{"line":57,"column":35},"end":{"line":57,"column":40}},"locations":[{"start":{"line":57,"column":35},"end":{"line":57,"column":40}}]},"11":{"type":"branch","line":57,"loc":{"start":{"line":57,"column":41},"end":{"line":57,"column":44}},"locations":[{"start":{"line":57,"column":41},"end":{"line":57,"column":44}}]},"12":{"type":"branch","line":58,"loc":{"start":{"line":58,"column":34},"end":{"line":58,"column":47}},"locations":[{"start":{"line":58,"column":34},"end":{"line":58,"column":47}}]},"13":{"type":"branch","line":58,"loc":{"start":{"line":58,"column":48},"end":{"line":58,"column":56}},"locations":[{"start":{"line":58,"column":48},"end":{"line":58,"column":56}}]},"14":{"type":"branch","line":59,"loc":{"start":{"line":59,"column":39},"end":{"line":59,"column":55}},"locations":[{"start":{"line":59,"column":39},"end":{"line":59,"column":55}}]},"15":{"type":"branch","line":59,"loc":{"start":{"line":59,"column":56},"end":{"line":59,"column":71}},"locations":[{"start":{"line":59,"column":56},"end":{"line":59,"column":71}}]},"16":{"type":"branch","line":66,"loc":{"start":{"line":66,"column":28},"end":{"line":67,"column":83}},"locations":[{"start":{"line":66,"column":28},"end":{"line":67,"column":83}}]},"17":{"type":"branch","line":85,"loc":{"start":{"line":85,"column":30},"end":{"line":92,"column":26}},"locations":[{"start":{"line":85,"column":30},"end":{"line":92,"column":26}}]},"18":{"type":"branch","line":105,"loc":{"start":{"line":105,"column":35},"end":{"line":112,"column":33}},"locations":[{"start":{"line":105,"column":35},"end":{"line":112,"column":33}}]},"19":{"type":"branch","line":114,"loc":{"start":{"line":114,"column":29},"end":{"line":121,"column":33}},"locations":[{"start":{"line":114,"column":29},"end":{"line":121,"column":33}}]},"20":{"type":"branch","line":132,"loc":{"start":{"line":132,"column":36},"end":{"line":144,"column":26}},"locations":[{"start":{"line":132,"column":36},"end":{"line":144,"column":26}}]},"21":{"type":"branch","line":137,"loc":{"start":{"line":137,"column":41},"end":{"line":137,"column":56}},"locations":[{"start":{"line":137,"column":41},"end":{"line":137,"column":56}}]},"22":{"type":"branch","line":137,"loc":{"start":{"line":137,"column":57},"end":{"line":137,"column":75}},"locations":[{"start":{"line":137,"column":57},"end":{"line":137,"column":75}}]},"23":{"type":"branch","line":141,"loc":{"start":{"line":141,"column":39},"end":{"line":141,"column":54}},"locations":[{"start":{"line":141,"column":39},"end":{"line":141,"column":54}}]},"24":{"type":"branch","line":141,"loc":{"start":{"line":141,"column":55},"end":{"line":141,"column":71}},"locations":[{"start":{"line":141,"column":55},"end":{"line":141,"column":71}}]}},"b":{"0":[8],"1":[6],"2":[2],"3":[0],"4":[2],"5":[0],"6":[8],"7":[2],"8":[1],"9":[7],"10":[1],"11":[7],"12":[1],"13":[7],"14":[1],"15":[7],"16":[1],"17":[1],"18":[1],"19":[1],"20":[2],"21":[1],"22":[1],"23":[1],"24":[1]},"fnMap":{"0":{"name":"formatDate","decl":{"start":{"line":20,"column":0},"end":{"line":30,"column":1}},"loc":{"start":{"line":20,"column":0},"end":{"line":30,"column":1}},"line":20},"1":{"name":"PromotionCardComponent","decl":{"start":{"line":32,"column":0},"end":{"line":149,"column":1}},"loc":{"start":{"line":32,"column":0},"end":{"line":149,"column":1}},"line":32}},"f":{"0":8,"1":8}}
,"/Users/pleo2/Dev/ConnectBuy-Practice-test/src/components/PromotionsList.tsx": {"path":"/Users/pleo2/Dev/ConnectBuy-Practice-test/src/components/PromotionsList.tsx","all":false,"statementMap":{"0":{"start":{"line":1,"column":0},"end":{"line":1,"column":37}},"1":{"start":{"line":2,"column":0},"end":{"line":2,"column":48}},"2":{"start":{"line":3,"column":0},"end":{"line":3,"column":38}},"3":{"start":{"line":4,"column":0},"end":{"line":4,"column":36}},"4":{"start":{"line":5,"column":0},"end":{"line":5,"column":50}},"5":{"start":{"line":6,"column":0},"end":{"line":6,"column":62}},"6":{"start":{"line":7,"column":0},"end":{"line":7,"column":0}},"7":{"start":{"line":8,"column":0},"end":{"line":8,"column":31}},"8":{"start":{"line":9,"column":0},"end":{"line":9,"column":28}},"9":{"start":{"line":10,"column":0},"end":{"line":10,"column":24}},"10":{"start":{"line":11,"column":0},"end":{"line":11,"column":26}},"11":{"start":{"line":12,"column":0},"end":{"line":12,"column":1}},"12":{"start":{"line":13,"column":0},"end":{"line":13,"column":0}},"13":{"start":{"line":14,"column":0},"end":{"line":14,"column":0}},"14":{"start":{"line":15,"column":0},"end":{"line":15,"column":32}},"15":{"start":{"line":16,"column":0},"end":{"line":16,"column":15}},"16":{"start":{"line":17,"column":0},"end":{"line":17,"column":22}},"17":{"start":{"line":18,"column":0},"end":{"line":18,"column":16}},"18":{"start":{"line":19,"column":0},"end":{"line":19,"column":25}},"19":{"start":{"line":20,"column":0},"end":{"line":20,"column":20}},"20":{"start":{"line":21,"column":0},"end":{"line":21,"column":16}},"21":{"start":{"line":22,"column":0},"end":{"line":22,"column":16}},"22":{"start":{"line":23,"column":0},"end":{"line":23,"column":30}},"23":{"start":{"line":24,"column":0},"end":{"line":24,"column":39}},"24":{"start":{"line":25,"column":0},"end":{"line":25,"column":35}},"25":{"start":{"line":26,"column":0},"end":{"line":26,"column":33}},"26":{"start":{"line":27,"column":0},"end":{"line":27,"column":13}},"27":{"start":{"line":28,"column":0},"end":{"line":28,"column":36}},"28":{"start":{"line":29,"column":0},"end":{"line":29,"column":18}},"29":{"start":{"line":30,"column":0},"end":{"line":30,"column":10}},"30":{"start":{"line":31,"column":0},"end":{"line":31,"column":5}},"31":{"start":{"line":32,"column":0},"end":{"line":32,"column":0}},"32":{"start":{"line":33,"column":0},"end":{"line":33,"column":16}},"33":{"start":{"line":34,"column":0},"end":{"line":34,"column":16}},"34":{"start":{"line":35,"column":0},"end":{"line":35,"column":43}},"35":{"start":{"line":36,"column":0},"end":{"line":36,"column":55}},"36":{"start":{"line":37,"column":0},"end":{"line":37,"column":47}},"37":{"start":{"line":38,"column":0},"end":{"line":38,"column":29}},"38":{"start":{"line":39,"column":0},"end":{"line":39,"column":58}},"39":{"start":{"line":40,"column":0},"end":{"line":40,"column":27}},"40":{"start":{"line":41,"column":0},"end":{"line":41,"column":29}},"41":{"start":{"line":42,"column":0},"end":{"line":42,"column":18}},"42":{"start":{"line":43,"column":0},"end":{"line":43,"column":10}},"43":{"start":{"line":44,"column":0},"end":{"line":44,"column":5}},"44":{"start":{"line":45,"column":0},"end":{"line":45,"column":0}},"45":{"start":{"line":46,"column":0},"end":{"line":46,"column":34}},"46":{"start":{"line":47,"column":0},"end":{"line":47,"column":16}},"47":{"start":{"line":48,"column":0},"end":{"line":48,"column":43}},"48":{"start":{"line":49,"column":0},"end":{"line":49,"column":64}},"49":{"start":{"line":50,"column":0},"end":{"line":50,"column":49}},"50":{"start":{"line":51,"column":0},"end":{"line":51,"column":29}},"51":{"start":{"line":52,"column":0},"end":{"line":52,"column":67}},"52":{"start":{"line":53,"column":0},"end":{"line":53,"column":67}},"53":{"start":{"line":54,"column":0},"end":{"line":54,"column":29}},"54":{"start":{"line":55,"column":0},"end":{"line":55,"column":18}},"55":{"start":{"line":56,"column":0},"end":{"line":56,"column":10}},"56":{"start":{"line":57,"column":0},"end":{"line":57,"column":5}},"57":{"start":{"line":58,"column":0},"end":{"line":58,"column":0}},"58":{"start":{"line":59,"column":0},"end":{"line":59,"column":12}},"59":{"start":{"line":60,"column":0},"end":{"line":60,"column":36}},"60":{"start":{"line":61,"column":0},"end":{"line":61,"column":40}},"61":{"start":{"line":62,"column":0},"end":{"line":62,"column":47}},"62":{"start":{"line":63,"column":0},"end":{"line":63,"column":55}},"63":{"start":{"line":64,"column":0},"end":{"line":64,"column":23}},"64":{"start":{"line":65,"column":0},"end":{"line":65,"column":15}},"65":{"start":{"line":66,"column":0},"end":{"line":66,"column":15}},"66":{"start":{"line":67,"column":0},"end":{"line":67,"column":6}},"67":{"start":{"line":68,"column":0},"end":{"line":68,"column":1}}},"s":{"0":1,"1":1,"2":1,"3":1,"4":1,"5":1,"6":1,"7":1,"8":1,"9":1,"10":1,"11":1,"12":1,"13":1,"14":5,"15":5,"16":5,"17":5,"18":5,"19":5,"20":1,"21":1,"22":1,"23":1,"24":1,"25":1,"26":1,"27":1,"28":1,"29":1,"30":1,"31":4,"32":5,"33":1,"34":1,"35":1,"36":1,"37":1,"38":1,"39":1,"40":1,"41":1,"42":1,"43":1,"44":3,"45":5,"46":1,"47":1,"48":1,"49":1,"50":1,"51":1,"52":1,"53":1,"54":1,"55":1,"56":1,"57":2,"58":2,"59":2,"60":2,"61":4,"62":4,"63":4,"64":2,"65":2,"66":2,"67":2},"branchMap":{"0":{"type":"branch","line":15,"loc":{"start":{"line":15,"column":0},"end":{"line":68,"column":1}},"locations":[{"start":{"line":15,"column":0},"end":{"line":68,"column":1}}]},"1":{"type":"branch","line":20,"loc":{"start":{"line":20,"column":19},"end":{"line":31,"column":5}},"locations":[{"start":{"line":20,"column":19},"end":{"line":31,"column":5}}]},"2":{"type":"branch","line":32,"loc":{"start":{"line":32,"column":-1},"end":{"line":33,"column":15}},"locations":[{"start":{"line":32,"column":-1},"end":{"line":33,"column":15}}]},"3":{"type":"branch","line":33,"loc":{"start":{"line":33,"column":15},"end":{"line":44,"column":5}},"locations":[{"start":{"line":33,"column":15},"end":{"line":44,"column":5}}]},"4":{"type":"branch","line":45,"loc":{"start":{"line":45,"column":-1},"end":{"line":46,"column":33}},"locations":[{"start":{"line":45,"column":-1},"end":{"line":46,"column":33}}]},"5":{"type":"branch","line":46,"loc":{"start":{"line":46,"column":33},"end":{"line":57,"column":5}},"locations":[{"start":{"line":46,"column":33},"end":{"line":57,"column":5}}]},"6":{"type":"branch","line":58,"loc":{"start":{"line":58,"column":-1},"end":{"line":68,"column":1}},"locations":[{"start":{"line":58,"column":-1},"end":{"line":68,"column":1}}]},"7":{"type":"branch","line":61,"loc":{"start":{"line":61,"column":28},"end":{"line":64,"column":23}},"locations":[{"start":{"line":61,"column":28},"end":{"line":64,"column":23}}]}},"b":{"0":[5],"1":[1],"2":[4],"3":[1],"4":[3],"5":[1],"6":[2],"7":[4]},"fnMap":{"0":{"name":"PromotionsList","decl":{"start":{"line":15,"column":0},"end":{"line":68,"column":1}},"loc":{"start":{"line":15,"column":0},"end":{"line":68,"column":1}},"line":15}},"f":{"0":5}}
,"/Users/pleo2/Dev/ConnectBuy-Practice-test/src/services/api.ts": {"path":"/Users/pleo2/Dev/ConnectBuy-Practice-test/src/services/api.ts","all":false,"statementMap":{"0":{"start":{"line":1,"column":0},"end":{"line":1,"column":54}},"1":{"start":{"line":2,"column":0},"end":{"line":2,"column":0}},"2":{"start":{"line":3,"column":0},"end":{"line":3,"column":36}},"3":{"start":{"line":4,"column":0},"end":{"line":4,"column":41}},"4":{"start":{"line":5,"column":0},"end":{"line":5,"column":34}},"5":{"start":{"line":6,"column":0},"end":{"line":6,"column":41}},"6":{"start":{"line":7,"column":0},"end":{"line":7,"column":34}},"7":{"start":{"line":8,"column":0},"end":{"line":8,"column":35}},"8":{"start":{"line":9,"column":0},"end":{"line":9,"column":41}},"9":{"start":{"line":10,"column":0},"end":{"line":10,"column":2}},"10":{"start":{"line":11,"column":0},"end":{"line":11,"column":0}},"11":{"start":{"line":12,"column":0},"end":{"line":12,"column":29}},"12":{"start":{"line":13,"column":0},"end":{"line":13,"column":5}},"13":{"start":{"line":14,"column":0},"end":{"line":14,"column":22}},"14":{"start":{"line":15,"column":0},"end":{"line":15,"column":28}},"15":{"start":{"line":16,"column":0},"end":{"line":16,"column":26}},"16":{"start":{"line":17,"column":0},"end":{"line":17,"column":26}},"17":{"start":{"line":18,"column":0},"end":{"line":18,"column":6}},"18":{"start":{"line":19,"column":0},"end":{"line":19,"column":5}},"19":{"start":{"line":20,"column":0},"end":{"line":20,"column":22}},"20":{"start":{"line":21,"column":0},"end":{"line":21,"column":29}},"21":{"start":{"line":22,"column":0},"end":{"line":22,"column":25}},"22":{"start":{"line":23,"column":0},"end":{"line":23,"column":26}},"23":{"start":{"line":24,"column":0},"end":{"line":24,"column":6}},"24":{"start":{"line":25,"column":0},"end":{"line":25,"column":5}},"25":{"start":{"line":26,"column":0},"end":{"line":26,"column":22}},"26":{"start":{"line":27,"column":0},"end":{"line":27,"column":28}},"27":{"start":{"line":28,"column":0},"end":{"line":28,"column":26}},"28":{"start":{"line":29,"column":0},"end":{"line":29,"column":26}},"29":{"start":{"line":30,"column":0},"end":{"line":30,"column":6}},"30":{"start":{"line":31,"column":0},"end":{"line":31,"column":5}},"31":{"start":{"line":32,"column":0},"end":{"line":32,"column":22}},"32":{"start":{"line":33,"column":0},"end":{"line":33,"column":32}},"33":{"start":{"line":34,"column":0},"end":{"line":34,"column":26}},"34":{"start":{"line":35,"column":0},"end":{"line":35,"column":26}},"35":{"start":{"line":36,"column":0},"end":{"line":36,"column":6}},"36":{"start":{"line":37,"column":0},"end":{"line":37,"column":5}},"37":{"start":{"line":38,"column":0},"end":{"line":38,"column":22}},"38":{"start":{"line":39,"column":0},"end":{"line":39,"column":30}},"39":{"start":{"line":40,"column":0},"end":{"line":40,"column":26}},"40":{"start":{"line":41,"column":0},"end":{"line":41,"column":25}},"41":{"start":{"line":42,"column":0},"end":{"line":42,"column":5}},"42":{"start":{"line":43,"column":0},"end":{"line":43,"column":2}},"43":{"start":{"line":44,"column":0},"end":{"line":44,"column":0}},"44":{"start":{"line":45,"column":0},"end":{"line":45,"column":37}},"45":{"start":{"line":46,"column":0},"end":{"line":46,"column":5}},"46":{"start":{"line":47,"column":0},"end":{"line":47,"column":22}},"47":{"start":{"line":48,"column":0},"end":{"line":48,"column":34}},"48":{"start":{"line":49,"column":0},"end":{"line":49,"column":65}},"49":{"start":{"line":50,"column":0},"end":{"line":50,"column":29}},"50":{"start":{"line":51,"column":0},"end":{"line":51,"column":36}},"51":{"start":{"line":52,"column":0},"end":{"line":52,"column":17}},"52":{"start":{"line":53,"column":0},"end":{"line":53,"column":115}},"53":{"start":{"line":54,"column":0},"end":{"line":54,"column":31}},"54":{"start":{"line":55,"column":0},"end":{"line":55,"column":43}},"55":{"start":{"line":56,"column":0},"end":{"line":56,"column":24}},"56":{"start":{"line":57,"column":0},"end":{"line":57,"column":6}},"57":{"start":{"line":58,"column":0},"end":{"line":58,"column":5}},"58":{"start":{"line":59,"column":0},"end":{"line":59,"column":22}},"59":{"start":{"line":60,"column":0},"end":{"line":60,"column":29}},"60":{"start":{"line":61,"column":0},"end":{"line":61,"column":57}},"61":{"start":{"line":62,"column":0},"end":{"line":62,"column":29}},"62":{"start":{"line":63,"column":0},"end":{"line":63,"column":36}},"63":{"start":{"line":64,"column":0},"end":{"line":64,"column":17}},"64":{"start":{"line":65,"column":0},"end":{"line":65,"column":127}},"65":{"start":{"line":66,"column":0},"end":{"line":66,"column":36}},"66":{"start":{"line":67,"column":0},"end":{"line":67,"column":24}},"67":{"start":{"line":68,"column":0},"end":{"line":68,"column":6}},"68":{"start":{"line":69,"column":0},"end":{"line":69,"column":5}},"69":{"start":{"line":70,"column":0},"end":{"line":70,"column":22}},"70":{"start":{"line":71,"column":0},"end":{"line":71,"column":37}},"71":{"start":{"line":72,"column":0},"end":{"line":72,"column":59}},"72":{"start":{"line":73,"column":0},"end":{"line":73,"column":29}},"73":{"start":{"line":74,"column":0},"end":{"line":74,"column":36}},"74":{"start":{"line":75,"column":0},"end":{"line":75,"column":17}},"75":{"start":{"line":76,"column":0},"end":{"line":76,"column":126}},"76":{"start":{"line":77,"column":0},"end":{"line":77,"column":31}},"77":{"start":{"line":78,"column":0},"end":{"line":78,"column":24}},"78":{"start":{"line":79,"column":0},"end":{"line":79,"column":6}},"79":{"start":{"line":80,"column":0},"end":{"line":80,"column":5}},"80":{"start":{"line":81,"column":0},"end":{"line":81,"column":22}},"81":{"start":{"line":82,"column":0},"end":{"line":82,"column":42}},"82":{"start":{"line":83,"column":0},"end":{"line":83,"column":54}},"83":{"start":{"line":84,"column":0},"end":{"line":84,"column":29}},"84":{"start":{"line":85,"column":0},"end":{"line":85,"column":36}},"85":{"start":{"line":86,"column":0},"end":{"line":86,"column":17}},"86":{"start":{"line":87,"column":0},"end":{"line":87,"column":88}},"87":{"start":{"line":88,"column":0},"end":{"line":88,"column":31}},"88":{"start":{"line":89,"column":0},"end":{"line":89,"column":77}},"89":{"start":{"line":90,"column":0},"end":{"line":90,"column":23}},"90":{"start":{"line":91,"column":0},"end":{"line":91,"column":6}},"91":{"start":{"line":92,"column":0},"end":{"line":92,"column":5}},"92":{"start":{"line":93,"column":0},"end":{"line":93,"column":22}},"93":{"start":{"line":94,"column":0},"end":{"line":94,"column":34}},"94":{"start":{"line":95,"column":0},"end":{"line":95,"column":44}},"95":{"start":{"line":96,"column":0},"end":{"line":96,"column":29}},"96":{"start":{"line":97,"column":0},"end":{"line":97,"column":36}},"97":{"start":{"line":98,"column":0},"end":{"line":98,"column":17}},"98":{"start":{"line":99,"column":0},"end":{"line":99,"column":146}},"99":{"start":{"line":100,"column":0},"end":{"line":100,"column":24}},"100":{"start":{"line":101,"column":0},"end":{"line":101,"column":6}},"101":{"start":{"line":102,"column":0},"end":{"line":102,"column":5}},"102":{"start":{"line":103,"column":0},"end":{"line":103,"column":22}},"103":{"start":{"line":104,"column":0},"end":{"line":104,"column":39}},"104":{"start":{"line":105,"column":0},"end":{"line":105,"column":57}},"105":{"start":{"line":106,"column":0},"end":{"line":106,"column":29}},"106":{"start":{"line":107,"column":0},"end":{"line":107,"column":36}},"107":{"start":{"line":108,"column":0},"end":{"line":108,"column":17}},"108":{"start":{"line":109,"column":0},"end":{"line":109,"column":108}},"109":{"start":{"line":110,"column":0},"end":{"line":110,"column":24}},"110":{"start":{"line":111,"column":0},"end":{"line":111,"column":6}},"111":{"start":{"line":112,"column":0},"end":{"line":112,"column":5}},"112":{"start":{"line":113,"column":0},"end":{"line":113,"column":22}},"113":{"start":{"line":114,"column":0},"end":{"line":114,"column":34}},"114":{"start":{"line":115,"column":0},"end":{"line":115,"column":63}},"115":{"start":{"line":116,"column":0},"end":{"line":116,"column":29}},"116":{"start":{"line":117,"column":0},"end":{"line":117,"column":36}},"117":{"start":{"line":118,"column":0},"end":{"line":118,"column":17}},"118":{"start":{"line":119,"column":0},"end":{"line":119,"column":104}},"119":{"start":{"line":120,"column":0},"end":{"line":120,"column":34}},"120":{"start":{"line":121,"column":0},"end":{"line":121,"column":24}},"121":{"start":{"line":122,"column":0},"end":{"line":122,"column":5}},"122":{"start":{"line":123,"column":0},"end":{"line":123,"column":2}},"123":{"start":{"line":124,"column":0},"end":{"line":124,"column":0}},"124":{"start":{"line":125,"column":0},"end":{"line":125,"column":34}},"125":{"start":{"line":126,"column":0},"end":{"line":126,"column":0}},"126":{"start":{"line":127,"column":0},"end":{"line":127,"column":24}},"127":{"start":{"line":128,"column":0},"end":{"line":128,"column":0}},"128":{"start":{"line":129,"column":0},"end":{"line":129,"column":57}},"129":{"start":{"line":130,"column":0},"end":{"line":130,"column":57}},"130":{"start":{"line":131,"column":0},"end":{"line":131,"column":37}},"131":{"start":{"line":132,"column":0},"end":{"line":132,"column":26}},"132":{"start":{"line":133,"column":0},"end":{"line":133,"column":41}},"133":{"start":{"line":134,"column":0},"end":{"line":134,"column":24}},"134":{"start":{"line":135,"column":0},"end":{"line":135,"column":7}},"135":{"start":{"line":136,"column":0},"end":{"line":136,"column":1}},"136":{"start":{"line":137,"column":0},"end":{"line":137,"column":0}},"137":{"start":{"line":138,"column":0},"end":{"line":138,"column":56}},"138":{"start":{"line":139,"column":0},"end":{"line":139,"column":57}},"139":{"start":{"line":140,"column":0},"end":{"line":140,"column":37}},"140":{"start":{"line":141,"column":0},"end":{"line":141,"column":26}},"141":{"start":{"line":142,"column":0},"end":{"line":142,"column":41}},"142":{"start":{"line":143,"column":0},"end":{"line":143,"column":28}},"143":{"start":{"line":144,"column":0},"end":{"line":144,"column":7}},"144":{"start":{"line":145,"column":0},"end":{"line":145,"column":1}},"145":{"start":{"line":146,"column":0},"end":{"line":146,"column":0}},"146":{"start":{"line":147,"column":0},"end":{"line":147,"column":49}},"147":{"start":{"line":148,"column":0},"end":{"line":148,"column":53}},"148":{"start":{"line":149,"column":0},"end":{"line":149,"column":37}},"149":{"start":{"line":150,"column":0},"end":{"line":150,"column":26}},"150":{"start":{"line":151,"column":0},"end":{"line":151,"column":37}},"151":{"start":{"line":152,"column":0},"end":{"line":152,"column":28}},"152":{"start":{"line":153,"column":0},"end":{"line":153,"column":7}},"153":{"start":{"line":154,"column":0},"end":{"line":154,"column":1}},"154":{"start":{"line":155,"column":0},"end":{"line":155,"column":0}},"155":{"start":{"line":156,"column":0},"end":{"line":156,"column":72}},"156":{"start":{"line":157,"column":0},"end":{"line":157,"column":83}},"157":{"start":{"line":158,"column":0},"end":{"line":158,"column":90}}},"s":{"0":1,"1":1,"2":1,"3":1,"4":1,"5":1,"6":1,"7":1,"8":1,"9":1,"10":1,"11":1,"12":1,"13":1,"14":1,"15":1,"16":1,"17":1,"18":1,"19":1,"20":1,"21":1,"22":1,"23":1,"24":1,"25":1,"26":1,"27":1,"28":1,"29":1,"30":1,"31":1,"32":1,"33":1,"34":1,"35":1,"36":1,"37":1,"38":1,"39":1,"40":1,"41":1,"42":1,"43":1,"44":1,"45":1,"46":1,"47":1,"48":1,"49":1,"50":1,"51":1,"52":1,"53":1,"54":1,"55":1,"56":1,"57":1,"58":1,"59":1,"60":1,"61":1,"62":1,"63":1,"64":1,"65":1,"66":1,"67":1,"68":1,"69":1,"70":1,"71":1,"72":1,"73":1,"74":1,"75":1,"76":1,"77":1,"78":1,"79":1,"80":1,"81":1,"82":1,"83":1,"84":1,"85":1,"86":1,"87":1,"88":1,"89":1,"90":1,"91":1,"92":1,"93":1,"94":1,"95":1,"96":1,"97":1,"98":1,"99":1,"100":1,"101":1,"102":1,"103":1,"104":1,"105":1,"106":1,"107":1,"108":1,"109":1,"110":1,"111":1,"112":1,"113":1,"114":1,"115":1,"116":1,"117":1,"118":1,"119":1,"120":1,"121":1,"122":1,"123":1,"124":1,"125":1,"126":1,"127":1,"128":0,"129":0,"130":0,"131":0,"132":0,"133":0,"134":0,"135":0,"136":1,"137":0,"138":0,"139":0,"140":0,"141":0,"142":0,"143":0,"144":0,"145":1,"146":0,"147":0,"148":0,"149":0,"150":0,"151":0,"152":0,"153":0,"154":1,"155":1,"156":1,"157":1},"branchMap":{},"b":{},"fnMap":{"0":{"name":"fetchPromotions","decl":{"start":{"line":129,"column":0},"end":{"line":136,"column":1}},"loc":{"start":{"line":129,"column":0},"end":{"line":136,"column":1}},"line":129},"1":{"name":"fetchCategories","decl":{"start":{"line":138,"column":0},"end":{"line":145,"column":1}},"loc":{"start":{"line":138,"column":0},"end":{"line":145,"column":1}},"line":138},"2":{"name":"fetchStores","decl":{"start":{"line":147,"column":0},"end":{"line":154,"column":1}},"loc":{"start":{"line":147,"column":0},"end":{"line":154,"column":1}},"line":147}},"f":{"0":0,"1":0,"2":0}}
,"/Users/pleo2/Dev/ConnectBuy-Practice-test/src/store/promoStore.ts": {"path":"/Users/pleo2/Dev/ConnectBuy-Practice-test/src/store/promoStore.ts","all":false,"statementMap":{"0":{"start":{"line":1,"column":0},"end":{"line":1,"column":33}},"1":{"start":{"line":2,"column":0},"end":{"line":2,"column":54}},"2":{"start":{"line":3,"column":0},"end":{"line":3,"column":80}},"3":{"start":{"line":4,"column":0},"end":{"line":4,"column":0}},"4":{"start":{"line":5,"column":0},"end":{"line":5,"column":28}},"5":{"start":{"line":6,"column":0},"end":{"line":6,"column":26}},"6":{"start":{"line":7,"column":0},"end":{"line":7,"column":60}},"7":{"start":{"line":8,"column":0},"end":{"line":8,"column":27}},"8":{"start":{"line":9,"column":0},"end":{"line":9,"column":66}},"9":{"start":{"line":10,"column":0},"end":{"line":10,"column":59}},"10":{"start":{"line":11,"column":0},"end":{"line":11,"column":61}},"11":{"start":{"line":12,"column":0},"end":{"line":12,"column":1}},"12":{"start":{"line":13,"column":0},"end":{"line":13,"column":0}},"13":{"start":{"line":14,"column":0},"end":{"line":14,"column":26}},"14":{"start":{"line":15,"column":0},"end":{"line":15,"column":29}},"15":{"start":{"line":16,"column":0},"end":{"line":16,"column":31}},"16":{"start":{"line":17,"column":0},"end":{"line":17,"column":27}},"17":{"start":{"line":18,"column":0},"end":{"line":18,"column":20}},"18":{"start":{"line":19,"column":0},"end":{"line":19,"column":21}},"19":{"start":{"line":20,"column":0},"end":{"line":20,"column":63}},"20":{"start":{"line":21,"column":0},"end":{"line":21,"column":25}},"21":{"start":{"line":22,"column":0},"end":{"line":22,"column":71}},"22":{"start":{"line":23,"column":0},"end":{"line":23,"column":1}},"23":{"start":{"line":24,"column":0},"end":{"line":24,"column":0}},"24":{"start":{"line":25,"column":0},"end":{"line":25,"column":28}},"25":{"start":{"line":26,"column":0},"end":{"line":26,"column":24}},"26":{"start":{"line":27,"column":0},"end":{"line":27,"column":42}},"27":{"start":{"line":28,"column":0},"end":{"line":28,"column":59}},"28":{"start":{"line":29,"column":0},"end":{"line":29,"column":53}},"29":{"start":{"line":30,"column":0},"end":{"line":30,"column":50}},"30":{"start":{"line":31,"column":0},"end":{"line":31,"column":25}},"31":{"start":{"line":32,"column":0},"end":{"line":32,"column":24}},"32":{"start":{"line":33,"column":0},"end":{"line":33,"column":24}},"33":{"start":{"line":34,"column":0},"end":{"line":34,"column":34}},"34":{"start":{"line":35,"column":0},"end":{"line":35,"column":14}},"35":{"start":{"line":36,"column":0},"end":{"line":36,"column":29}},"36":{"start":{"line":37,"column":0},"end":{"line":37,"column":54}},"37":{"start":{"line":38,"column":0},"end":{"line":38,"column":60}},"38":{"start":{"line":39,"column":0},"end":{"line":39,"column":50}},"39":{"start":{"line":40,"column":0},"end":{"line":40,"column":1}},"40":{"start":{"line":41,"column":0},"end":{"line":41,"column":0}},"41":{"start":{"line":42,"column":0},"end":{"line":42,"column":24}},"42":{"start":{"line":43,"column":0},"end":{"line":43,"column":42}},"43":{"start":{"line":44,"column":0},"end":{"line":44,"column":22}},"44":{"start":{"line":45,"column":0},"end":{"line":45,"column":19}},"45":{"start":{"line":46,"column":0},"end":{"line":46,"column":15}},"46":{"start":{"line":47,"column":0},"end":{"line":47,"column":14}},"47":{"start":{"line":48,"column":0},"end":{"line":48,"column":25}},"48":{"start":{"line":49,"column":0},"end":{"line":49,"column":22}},"49":{"start":{"line":50,"column":0},"end":{"line":50,"column":28}},"50":{"start":{"line":51,"column":0},"end":{"line":51,"column":77}},"51":{"start":{"line":52,"column":0},"end":{"line":52,"column":30}},"52":{"start":{"line":53,"column":0},"end":{"line":53,"column":6}},"53":{"start":{"line":54,"column":0},"end":{"line":54,"column":26}},"54":{"start":{"line":55,"column":0},"end":{"line":55,"column":16}},"55":{"start":{"line":56,"column":0},"end":{"line":56,"column":38}},"56":{"start":{"line":57,"column":0},"end":{"line":57,"column":2}},"57":{"start":{"line":58,"column":0},"end":{"line":58,"column":42}},"58":{"start":{"line":59,"column":0},"end":{"line":59,"column":0}},"59":{"start":{"line":60,"column":0},"end":{"line":60,"column":70}},"60":{"start":{"line":61,"column":0},"end":{"line":61,"column":25}},"61":{"start":{"line":62,"column":0},"end":{"line":62,"column":23}},"62":{"start":{"line":63,"column":0},"end":{"line":63,"column":17}},"63":{"start":{"line":64,"column":0},"end":{"line":64,"column":17}},"64":{"start":{"line":65,"column":0},"end":{"line":65,"column":17}},"65":{"start":{"line":66,"column":0},"end":{"line":66,"column":16}},"66":{"start":{"line":67,"column":0},"end":{"line":67,"column":11}},"67":{"start":{"line":68,"column":0},"end":{"line":68,"column":78}},"68":{"start":{"line":69,"column":0},"end":{"line":69,"column":0}},"69":{"start":{"line":70,"column":0},"end":{"line":70,"column":41}},"70":{"start":{"line":71,"column":0},"end":{"line":71,"column":38}},"71":{"start":{"line":72,"column":0},"end":{"line":72,"column":38}},"72":{"start":{"line":73,"column":0},"end":{"line":73,"column":13}},"73":{"start":{"line":74,"column":0},"end":{"line":74,"column":49}},"74":{"start":{"line":75,"column":0},"end":{"line":75,"column":33}},"75":{"start":{"line":76,"column":0},"end":{"line":76,"column":37}},"76":{"start":{"line":77,"column":0},"end":{"line":77,"column":32}},"77":{"start":{"line":78,"column":0},"end":{"line":78,"column":31}},"78":{"start":{"line":79,"column":0},"end":{"line":79,"column":61}},"79":{"start":{"line":80,"column":0},"end":{"line":80,"column":38}},"80":{"start":{"line":81,"column":0},"end":{"line":81,"column":13}},"81":{"start":{"line":82,"column":0},"end":{"line":82,"column":1}},"82":{"start":{"line":83,"column":0},"end":{"line":83,"column":0}},"83":{"start":{"line":84,"column":0},"end":{"line":84,"column":39}},"84":{"start":{"line":85,"column":0},"end":{"line":85,"column":33}},"85":{"start":{"line":86,"column":0},"end":{"line":86,"column":1}},"86":{"start":{"line":87,"column":0},"end":{"line":87,"column":0}},"87":{"start":{"line":88,"column":0},"end":{"line":88,"column":25}},"88":{"start":{"line":89,"column":0},"end":{"line":89,"column":79}},"89":{"start":{"line":90,"column":0},"end":{"line":90,"column":21}},"90":{"start":{"line":91,"column":0},"end":{"line":91,"column":0}},"91":{"start":{"line":92,"column":0},"end":{"line":92,"column":22}},"92":{"start":{"line":93,"column":0},"end":{"line":93,"column":35}},"93":{"start":{"line":94,"column":0},"end":{"line":94,"column":80}},"94":{"start":{"line":95,"column":0},"end":{"line":95,"column":55}},"95":{"start":{"line":96,"column":0},"end":{"line":96,"column":13}},"96":{"start":{"line":97,"column":0},"end":{"line":97,"column":51}},"97":{"start":{"line":98,"column":0},"end":{"line":98,"column":72}},"98":{"start":{"line":99,"column":0},"end":{"line":99,"column":34}},"99":{"start":{"line":100,"column":0},"end":{"line":100,"column":34}},"100":{"start":{"line":101,"column":0},"end":{"line":101,"column":29}},"101":{"start":{"line":102,"column":0},"end":{"line":102,"column":15}},"102":{"start":{"line":103,"column":0},"end":{"line":103,"column":17}},"103":{"start":{"line":104,"column":0},"end":{"line":104,"column":42}},"104":{"start":{"line":105,"column":0},"end":{"line":105,"column":39}},"105":{"start":{"line":106,"column":0},"end":{"line":106,"column":31}},"106":{"start":{"line":107,"column":0},"end":{"line":107,"column":42}},"107":{"start":{"line":108,"column":0},"end":{"line":108,"column":15}},"108":{"start":{"line":109,"column":0},"end":{"line":109,"column":23}},"109":{"start":{"line":110,"column":0},"end":{"line":110,"column":64}},"110":{"start":{"line":111,"column":0},"end":{"line":111,"column":17}},"111":{"start":{"line":112,"column":0},"end":{"line":112,"column":40}},"112":{"start":{"line":113,"column":0},"end":{"line":113,"column":68}},"113":{"start":{"line":114,"column":0},"end":{"line":114,"column":15}},"114":{"start":{"line":115,"column":0},"end":{"line":115,"column":9}},"115":{"start":{"line":116,"column":0},"end":{"line":116,"column":6}},"116":{"start":{"line":117,"column":0},"end":{"line":117,"column":0}},"117":{"start":{"line":118,"column":0},"end":{"line":118,"column":40}},"118":{"start":{"line":119,"column":0},"end":{"line":119,"column":25}},"119":{"start":{"line":120,"column":0},"end":{"line":120,"column":73}},"120":{"start":{"line":121,"column":0},"end":{"line":121,"column":12}},"121":{"start":{"line":122,"column":0},"end":{"line":122,"column":6}},"122":{"start":{"line":123,"column":0},"end":{"line":123,"column":0}},"123":{"start":{"line":124,"column":0},"end":{"line":124,"column":34}},"124":{"start":{"line":125,"column":0},"end":{"line":125,"column":25}},"125":{"start":{"line":126,"column":0},"end":{"line":126,"column":67}},"126":{"start":{"line":127,"column":0},"end":{"line":127,"column":12}},"127":{"start":{"line":128,"column":0},"end":{"line":128,"column":6}},"128":{"start":{"line":129,"column":0},"end":{"line":129,"column":0}},"129":{"start":{"line":130,"column":0},"end":{"line":130,"column":60}},"130":{"start":{"line":131,"column":0},"end":{"line":131,"column":25}},"131":{"start":{"line":132,"column":0},"end":{"line":132,"column":22}},"132":{"start":{"line":133,"column":0},"end":{"line":133,"column":33}},"133":{"start":{"line":134,"column":0},"end":{"line":134,"column":38}},"134":{"start":{"line":135,"column":0},"end":{"line":135,"column":39}},"135":{"start":{"line":136,"column":0},"end":{"line":136,"column":42}},"136":{"start":{"line":137,"column":0},"end":{"line":137,"column":13}},"137":{"start":{"line":138,"column":0},"end":{"line":138,"column":12}},"138":{"start":{"line":139,"column":0},"end":{"line":139,"column":6}},"139":{"start":{"line":140,"column":0},"end":{"line":140,"column":0}},"140":{"start":{"line":141,"column":0},"end":{"line":141,"column":25}},"141":{"start":{"line":142,"column":0},"end":{"line":142,"column":20}},"142":{"start":{"line":143,"column":0},"end":{"line":143,"column":49}},"143":{"start":{"line":144,"column":0},"end":{"line":144,"column":12}},"144":{"start":{"line":145,"column":0},"end":{"line":145,"column":6}},"145":{"start":{"line":146,"column":0},"end":{"line":146,"column":0}},"146":{"start":{"line":147,"column":0},"end":{"line":147,"column":45}},"147":{"start":{"line":148,"column":0},"end":{"line":148,"column":72}},"148":{"start":{"line":149,"column":0},"end":{"line":149,"column":12}},"149":{"start":{"line":150,"column":0},"end":{"line":150,"column":34}},"150":{"start":{"line":151,"column":0},"end":{"line":151,"column":67}},"151":{"start":{"line":152,"column":0},"end":{"line":152,"column":11}},"152":{"start":{"line":153,"column":0},"end":{"line":153,"column":61}},"153":{"start":{"line":154,"column":0},"end":{"line":154,"column":9}},"154":{"start":{"line":155,"column":0},"end":{"line":155,"column":6}},"155":{"start":{"line":156,"column":0},"end":{"line":156,"column":0}},"156":{"start":{"line":157,"column":0},"end":{"line":157,"column":46}},"157":{"start":{"line":158,"column":0},"end":{"line":158,"column":52}},"158":{"start":{"line":159,"column":0},"end":{"line":159,"column":5}},"159":{"start":{"line":160,"column":0},"end":{"line":160,"column":4}},"160":{"start":{"line":161,"column":0},"end":{"line":161,"column":0}},"161":{"start":{"line":162,"column":0},"end":{"line":162,"column":47}},"162":{"start":{"line":163,"column":0},"end":{"line":163,"column":38}},"163":{"start":{"line":164,"column":0},"end":{"line":164,"column":82}},"164":{"start":{"line":165,"column":0},"end":{"line":165,"column":74}},"165":{"start":{"line":166,"column":0},"end":{"line":166,"column":45}},"166":{"start":{"line":167,"column":0},"end":{"line":167,"column":0}},"167":{"start":{"line":168,"column":0},"end":{"line":168,"column":44}},"168":{"start":{"line":169,"column":0},"end":{"line":169,"column":29}},"169":{"start":{"line":170,"column":0},"end":{"line":170,"column":75}},"170":{"start":{"line":171,"column":0},"end":{"line":171,"column":25}},"171":{"start":{"line":172,"column":0},"end":{"line":172,"column":0}},"172":{"start":{"line":173,"column":0},"end":{"line":173,"column":26}},"173":{"start":{"line":174,"column":0},"end":{"line":174,"column":80}},"174":{"start":{"line":175,"column":0},"end":{"line":175,"column":0}},"175":{"start":{"line":176,"column":0},"end":{"line":176,"column":30}},"176":{"start":{"line":177,"column":0},"end":{"line":177,"column":12}},"177":{"start":{"line":178,"column":0},"end":{"line":178,"column":45}},"178":{"start":{"line":179,"column":0},"end":{"line":179,"column":44}},"179":{"start":{"line":180,"column":0},"end":{"line":180,"column":45}},"180":{"start":{"line":181,"column":0},"end":{"line":181,"column":77}},"181":{"start":{"line":182,"column":0},"end":{"line":182,"column":47}},"182":{"start":{"line":183,"column":0},"end":{"line":183,"column":11}},"183":{"start":{"line":184,"column":0},"end":{"line":184,"column":43}},"184":{"start":{"line":185,"column":0},"end":{"line":185,"column":37}},"185":{"start":{"line":186,"column":0},"end":{"line":186,"column":38}},"186":{"start":{"line":187,"column":0},"end":{"line":187,"column":37}},"187":{"start":{"line":188,"column":0},"end":{"line":188,"column":37}},"188":{"start":{"line":189,"column":0},"end":{"line":189,"column":14}},"189":{"start":{"line":190,"column":0},"end":{"line":190,"column":63}},"190":{"start":{"line":191,"column":0},"end":{"line":191,"column":9}},"191":{"start":{"line":192,"column":0},"end":{"line":192,"column":0}},"192":{"start":{"line":193,"column":0},"end":{"line":193,"column":47}},"193":{"start":{"line":194,"column":0},"end":{"line":194,"column":20}},"194":{"start":{"line":195,"column":0},"end":{"line":195,"column":7}},"195":{"start":{"line":196,"column":0},"end":{"line":196,"column":1}},"196":{"start":{"line":197,"column":0},"end":{"line":197,"column":0}},"197":{"start":{"line":198,"column":0},"end":{"line":198,"column":60}},"198":{"start":{"line":199,"column":0},"end":{"line":199,"column":61}}},"s":{"0":1,"1":1,"2":1,"3":1,"4":1,"5":1,"6":1,"7":1,"8":1,"9":1,"10":1,"11":1,"12":1,"13":1,"14":1,"15":1,"16":1,"17":1,"18":1,"19":1,"20":1,"21":1,"22":1,"23":1,"24":1,"25":1,"26":1,"27":1,"28":1,"29":1,"30":1,"31":1,"32":1,"33":1,"34":1,"35":1,"36":1,"37":1,"38":1,"39":1,"40":1,"41":1,"42":1,"43":1,"44":1,"45":1,"46":1,"47":1,"48":1,"49":1,"50":1,"51":1,"52":1,"53":1,"54":1,"55":1,"56":1,"57":1,"58":1,"59":1,"60":1,"61":0,"62":0,"63":0,"64":0,"65":0,"66":0,"67":0,"68":0,"69":0,"70":0,"71":0,"72":0,"73":0,"74":0,"75":0,"76":0,"77":0,"78":0,"79":0,"80":0,"81":0,"82":1,"83":0,"84":0,"85":0,"86":1,"87":1,"88":1,"89":3,"90":3,"91":3,"92":3,"93":2,"94":2,"95":2,"96":2,"97":2,"98":2,"99":2,"100":2,"101":2,"102":1,"103":1,"104":1,"105":1,"106":1,"107":1,"108":1,"109":1,"110":1,"111":1,"112":1,"113":1,"114":1,"115":2,"116":3,"117":3,"118":8,"119":8,"120":8,"121":3,"122":3,"123":3,"124":5,"125":5,"126":5,"127":3,"128":3,"129":3,"130":10,"131":10,"132":10,"133":10,"134":10,"135":10,"136":10,"137":10,"138":3,"139":3,"140":3,"141":2,"142":2,"143":2,"144":3,"145":3,"146":3,"147":3,"148":3,"149":3,"150":2,"151":3,"152":2,"153":2,"154":3,"155":3,"156":3,"157":3,"158":3,"159":1,"160":1,"161":1,"162":1,"163":1,"164":1,"165":1,"166":1,"167":1,"168":4,"169":4,"170":4,"171":3,"172":3,"173":4,"174":2,"175":2,"176":2,"177":2,"178":4,"179":4,"180":4,"181":0,"182":4,"183":0,"184":0,"185":0,"186":0,"187":0,"188":0,"189":0,"190":0,"191":2,"192":2,"193":2,"194":1,"195":1,"196":1,"197":1,"198":1},"branchMap":{"0":{"type":"branch","line":89,"loc":{"start":{"line":89,"column":63},"end":{"line":159,"column":5}},"locations":[{"start":{"line":89,"column":63},"end":{"line":159,"column":5}}]},"1":{"type":"branch","line":93,"loc":{"start":{"line":93,"column":22},"end":{"line":116,"column":6}},"locations":[{"start":{"line":93,"column":22},"end":{"line":116,"column":6}}]},"2":{"type":"branch","line":93,"loc":{"start":{"line":93,"column":33},"end":{"line":116,"column":5}},"locations":[{"start":{"line":93,"column":33},"end":{"line":116,"column":5}}]},"3":{"type":"branch","line":94,"loc":{"start":{"line":94,"column":47},"end":{"line":94,"column":54}},"locations":[{"start":{"line":94,"column":47},"end":{"line":94,"column":54}}]},"4":{"type":"branch","line":103,"loc":{"start":{"line":103,"column":-1},"end":{"line":115,"column":9}},"locations":[{"start":{"line":103,"column":-1},"end":{"line":115,"column":9}}]},"5":{"type":"branch","line":118,"loc":{"start":{"line":118,"column":23},"end":{"line":122,"column":5}},"locations":[{"start":{"line":118,"column":23},"end":{"line":122,"column":5}}]},"6":{"type":"branch","line":119,"loc":{"start":{"line":119,"column":12},"end":{"line":121,"column":10}},"locations":[{"start":{"line":119,"column":12},"end":{"line":121,"column":10}}]},"7":{"type":"branch","line":120,"loc":{"start":{"line":120,"column":63},"end":{"line":120,"column":71}},"locations":[{"start":{"line":120,"column":63},"end":{"line":120,"column":71}}]},"8":{"type":"branch","line":124,"loc":{"start":{"line":124,"column":20},"end":{"line":128,"column":5}},"locations":[{"start":{"line":124,"column":20},"end":{"line":128,"column":5}}]},"9":{"type":"branch","line":125,"loc":{"start":{"line":125,"column":12},"end":{"line":127,"column":10}},"locations":[{"start":{"line":125,"column":12},"end":{"line":127,"column":10}}]},"10":{"type":"branch","line":126,"loc":{"start":{"line":126,"column":57},"end":{"line":126,"column":65}},"locations":[{"start":{"line":126,"column":57},"end":{"line":126,"column":65}}]},"11":{"type":"branch","line":130,"loc":{"start":{"line":130,"column":24},"end":{"line":139,"column":5}},"locations":[{"start":{"line":130,"column":24},"end":{"line":139,"column":5}}]},"12":{"type":"branch","line":131,"loc":{"start":{"line":131,"column":12},"end":{"line":138,"column":10}},"locations":[{"start":{"line":131,"column":12},"end":{"line":138,"column":10}}]},"13":{"type":"branch","line":141,"loc":{"start":{"line":141,"column":18},"end":{"line":145,"column":5}},"locations":[{"start":{"line":141,"column":18},"end":{"line":145,"column":5}}]},"14":{"type":"branch","line":142,"loc":{"start":{"line":142,"column":12},"end":{"line":144,"column":10}},"locations":[{"start":{"line":142,"column":12},"end":{"line":144,"column":10}}]},"15":{"type":"branch","line":147,"loc":{"start":{"line":147,"column":29},"end":{"line":155,"column":5}},"locations":[{"start":{"line":147,"column":29},"end":{"line":155,"column":5}}]},"16":{"type":"branch","line":150,"loc":{"start":{"line":150,"column":31},"end":{"line":151,"column":67}},"locations":[{"start":{"line":150,"column":31},"end":{"line":151,"column":67}}]},"17":{"type":"branch","line":151,"loc":{"start":{"line":151,"column":46},"end":{"line":151,"column":48}},"locations":[{"start":{"line":151,"column":46},"end":{"line":151,"column":48}}]},"18":{"type":"branch","line":151,"loc":{"start":{"line":151,"column":46},"end":{"line":151,"column":50}},"locations":[{"start":{"line":151,"column":46},"end":{"line":151,"column":50}}]},"19":{"type":"branch","line":152,"loc":{"start":{"line":152,"column":10},"end":{"line":154,"column":9}},"locations":[{"start":{"line":152,"column":10},"end":{"line":154,"column":9}}]},"20":{"type":"branch","line":157,"loc":{"start":{"line":157,"column":39},"end":{"line":159,"column":5}},"locations":[{"start":{"line":157,"column":39},"end":{"line":159,"column":5}}]},"21":{"type":"branch","line":165,"loc":{"start":{"line":165,"column":0},"end":{"line":196,"column":1}},"locations":[{"start":{"line":165,"column":0},"end":{"line":196,"column":1}}]},"22":{"type":"branch","line":168,"loc":{"start":{"line":168,"column":32},"end":{"line":195,"column":5}},"locations":[{"start":{"line":168,"column":32},"end":{"line":195,"column":5}}]},"23":{"type":"branch","line":171,"loc":{"start":{"line":171,"column":12},"end":{"line":171,"column":25}},"locations":[{"start":{"line":171,"column":12},"end":{"line":171,"column":25}}]},"24":{"type":"branch","line":172,"loc":{"start":{"line":172,"column":-1},"end":{"line":174,"column":65}},"locations":[{"start":{"line":172,"column":-1},"end":{"line":174,"column":65}}]},"25":{"type":"branch","line":174,"loc":{"start":{"line":174,"column":67},"end":{"line":174,"column":80}},"locations":[{"start":{"line":174,"column":67},"end":{"line":174,"column":80}}]},"26":{"type":"branch","line":175,"loc":{"start":{"line":175,"column":-1},"end":{"line":178,"column":45}},"locations":[{"start":{"line":175,"column":-1},"end":{"line":178,"column":45}}]},"27":{"type":"branch","line":178,"loc":{"start":{"line":178,"column":42},"end":{"line":179,"column":41}},"locations":[{"start":{"line":178,"column":42},"end":{"line":179,"column":41}}]},"28":{"type":"branch","line":179,"loc":{"start":{"line":179,"column":41},"end":{"line":180,"column":42}},"locations":[{"start":{"line":179,"column":41},"end":{"line":180,"column":42}}]},"29":{"type":"branch","line":180,"loc":{"start":{"line":180,"column":42},"end":{"line":181,"column":46}},"locations":[{"start":{"line":180,"column":42},"end":{"line":181,"column":46}}]},"30":{"type":"branch","line":181,"loc":{"start":{"line":181,"column":46},"end":{"line":182,"column":47}},"locations":[{"start":{"line":181,"column":46},"end":{"line":182,"column":47}}]},"31":{"type":"branch","line":183,"loc":{"start":{"line":183,"column":10},"end":{"line":191,"column":9}},"locations":[{"start":{"line":183,"column":10},"end":{"line":191,"column":9}}]},"32":{"type":"branch","line":192,"loc":{"start":{"line":192,"column":-1},"end":{"line":195,"column":5}},"locations":[{"start":{"line":192,"column":-1},"end":{"line":195,"column":5}}]}},"b":{"0":[3],"1":[2],"2":[2],"3":[0],"4":[1],"5":[8],"6":[8],"7":[3],"8":[5],"9":[5],"10":[2],"11":[10],"12":[10],"13":[2],"14":[2],"15":[3],"16":[2],"17":[0],"18":[0],"19":[2],"20":[3],"21":[1],"22":[4],"23":[1],"24":[3],"25":[1],"26":[2],"27":[0],"28":[0],"29":[0],"30":[0],"31":[0],"32":[2]},"fnMap":{"0":{"name":"getDistanceKm","decl":{"start":{"line":62,"column":0},"end":{"line":82,"column":1}},"loc":{"start":{"line":62,"column":0},"end":{"line":82,"column":1}},"line":62},"1":{"name":"deg2rad","decl":{"start":{"line":84,"column":0},"end":{"line":86,"column":1}},"loc":{"start":{"line":84,"column":0},"end":{"line":86,"column":1}},"line":84},"2":{"name":"fetchInitialData","decl":{"start":{"line":93,"column":22},"end":{"line":116,"column":6}},"loc":{"start":{"line":93,"column":22},"end":{"line":116,"column":6}},"line":93},"3":{"name":"setCategoryFilter","decl":{"start":{"line":118,"column":23},"end":{"line":122,"column":5}},"loc":{"start":{"line":118,"column":23},"end":{"line":122,"column":5}},"line":118},"4":{"name":"setStoreFilter","decl":{"start":{"line":124,"column":20},"end":{"line":128,"column":5}},"loc":{"start":{"line":124,"column":20},"end":{"line":128,"column":5}},"line":124},"5":{"name":"setProximityFilter","decl":{"start":{"line":130,"column":24},"end":{"line":139,"column":5}},"loc":{"start":{"line":130,"column":24},"end":{"line":139,"column":5}},"line":130},"6":{"name":"clearFilters","decl":{"start":{"line":141,"column":18},"end":{"line":145,"column":5}},"loc":{"start":{"line":141,"column":18},"end":{"line":145,"column":5}},"line":141},"7":{"name":"triggerSpecialPromotion","decl":{"start":{"line":147,"column":29},"end":{"line":155,"column":5}},"loc":{"start":{"line":147,"column":29},"end":{"line":155,"column":5}},"line":147},"8":{"name":"clearSpecialPromotionNotification","decl":{"start":{"line":157,"column":39},"end":{"line":159,"column":5}},"loc":{"start":{"line":157,"column":39},"end":{"line":159,"column":5}},"line":157},"9":{"name":"selectFilteredPromotions","decl":{"start":{"line":165,"column":0},"end":{"line":196,"column":1}},"loc":{"start":{"line":165,"column":0},"end":{"line":196,"column":1}},"line":165}},"f":{"0":0,"1":0,"2":2,"3":8,"4":5,"5":10,"6":2,"7":3,"8":3,"9":1}}
}
