TN:
SF:src/App.tsx
FN:1,(empty-report)
FNF:1
FNH:0
FNDA:0,(empty-report)
DA:1,0
DA:2,0
DA:3,0
DA:4,0
DA:5,0
DA:6,0
DA:7,0
DA:8,0
DA:9,0
DA:10,0
DA:11,0
DA:12,0
DA:13,0
DA:14,0
DA:15,0
DA:16,0
DA:17,0
DA:18,0
DA:19,0
DA:20,0
DA:21,0
DA:22,0
DA:23,0
DA:24,0
DA:25,0
DA:26,0
DA:27,0
DA:28,0
DA:29,0
DA:30,0
DA:31,0
DA:32,0
DA:33,0
DA:34,0
DA:35,0
DA:36,0
DA:37,0
DA:38,0
DA:39,0
DA:40,0
DA:41,0
DA:42,0
DA:43,0
DA:44,0
DA:45,0
DA:46,0
DA:47,0
DA:48,0
DA:49,0
DA:50,0
DA:51,0
DA:52,0
DA:53,0
DA:54,0
DA:55,0
DA:56,0
DA:57,0
DA:58,0
DA:59,0
DA:60,0
DA:61,0
DA:62,0
DA:63,0
DA:64,0
DA:65,0
DA:66,0
DA:67,0
DA:68,0
DA:69,0
DA:70,0
DA:71,0
DA:72,0
DA:73,0
DA:74,0
DA:75,0
DA:76,0
DA:77,0
DA:78,0
DA:79,0
DA:80,0
DA:81,0
DA:82,0
DA:83,0
DA:84,0
DA:85,0
DA:86,0
DA:87,0
DA:88,0
DA:89,0
DA:90,0
DA:91,0
DA:92,0
DA:93,0
DA:94,0
DA:95,0
DA:96,0
DA:97,0
DA:98,0
DA:99,0
DA:100,0
DA:101,0
DA:102,0
DA:103,0
DA:104,0
DA:105,0
DA:106,0
DA:107,0
DA:108,0
DA:109,0
DA:110,0
DA:111,0
DA:112,0
DA:113,0
DA:114,0
DA:115,0
DA:116,0
LF:116
LH:0
BRDA:1,0,0,0
BRF:1
BRH:0
end_of_record
TN:
SF:src/types.ts
FN:1,(empty-report)
FNF:1
FNH:0
FNDA:0,(empty-report)
DA:1,0
DA:2,0
DA:3,0
DA:4,0
DA:5,0
DA:6,0
DA:7,0
DA:8,0
DA:9,0
DA:10,0
DA:11,0
DA:12,0
DA:13,0
DA:14,0
DA:15,0
DA:16,0
DA:17,0
DA:18,0
DA:19,0
DA:20,0
DA:21,0
DA:22,0
DA:23,0
DA:24,0
DA:25,0
DA:26,0
LF:26
LH:0
BRDA:1,0,0,0
BRF:1
BRH:0
end_of_record
TN:
SF:src/components/FilterPanel.tsx
FN:14,FilterPanel
FN:32,handleCategoryChange
FN:37,handleStoreChange
FN:43,handleDistanceChange
FN:56,handleClearFilters
FNF:5
FNH:5
FNDA:19,FilterPanel
FNDA:3,handleCategoryChange
FNDA:2,handleStoreChange
FNDA:7,handleDistanceChange
FNDA:1,handleClearFilters
DA:1,1
DA:2,1
DA:3,1
DA:4,1
DA:5,1
DA:6,1
DA:7,1
DA:8,1
DA:9,1
DA:10,1
DA:11,1
DA:12,1
DA:13,1
DA:14,19
DA:15,19
DA:16,19
DA:17,19
DA:18,19
DA:19,19
DA:20,19
DA:21,19
DA:22,19
DA:23,19
DA:24,19
DA:25,19
DA:26,19
DA:27,19
DA:28,19
DA:29,19
DA:30,19
DA:31,19
DA:32,19
DA:33,3
DA:34,3
DA:35,3
DA:36,19
DA:37,19
DA:38,2
DA:39,2
DA:40,2
DA:41,19
DA:42,19
DA:43,19
DA:44,7
DA:45,7
DA:46,7
DA:47,7
DA:48,7
DA:49,7
DA:50,7
DA:51,7
DA:52,7
DA:53,7
DA:54,7
DA:55,19
DA:56,19
DA:57,1
DA:58,1
DA:59,1
DA:60,19
DA:61,19
DA:62,19
DA:63,19
DA:64,19
DA:65,19
DA:66,19
DA:67,19
DA:68,19
DA:69,19
DA:70,19
DA:71,19
DA:72,19
DA:73,19
DA:74,19
DA:75,19
DA:76,19
DA:77,19
DA:78,19
DA:79,19
DA:80,19
DA:81,19
DA:82,19
DA:83,19
DA:84,19
DA:85,19
DA:86,19
DA:87,19
DA:88,19
DA:89,19
DA:90,19
DA:91,38
DA:92,38
DA:93,38
DA:94,19
DA:95,19
DA:96,19
DA:97,19
DA:98,19
DA:99,19
DA:100,19
DA:101,19
DA:102,19
DA:103,19
DA:104,19
DA:105,19
DA:106,19
DA:107,19
DA:108,19
DA:109,19
DA:110,19
DA:111,19
DA:112,38
DA:113,38
DA:114,38
DA:115,19
DA:116,19
DA:117,19
DA:118,19
DA:119,19
DA:120,19
DA:121,19
DA:122,19
DA:123,19
DA:124,19
DA:125,19
DA:126,19
DA:127,19
DA:128,19
DA:129,19
DA:130,19
DA:131,19
DA:132,19
DA:133,19
DA:134,19
DA:135,19
DA:136,19
DA:137,19
DA:138,19
DA:139,19
DA:140,19
DA:141,19
DA:142,19
DA:143,19
DA:144,19
DA:145,19
DA:146,19
DA:147,19
DA:148,19
DA:149,19
DA:150,19
DA:151,14
DA:152,19
DA:153,19
DA:154,19
DA:155,19
DA:156,19
DA:157,19
DA:158,19
DA:159,19
LF:159
LH:159
BRDA:14,0,0,19
BRDA:83,1,0,4
BRDA:83,2,0,4
BRDA:83,3,0,15
BRDA:104,4,0,1
BRDA:104,5,0,1
BRDA:104,6,0,18
BRDA:126,7,0,4
BRDA:126,8,0,15
BRDA:126,9,0,4
BRDA:126,10,0,4
BRDA:126,11,0,15
BRDA:138,12,0,0
BRDA:149,13,0,15
BRDA:150,14,0,14
BRDA:16,15,0,70
BRDA:17,16,0,70
BRDA:18,17,0,70
BRDA:19,18,0,70
BRDA:20,19,0,70
BRDA:22,20,0,70
BRDA:24,21,0,70
BRDA:32,22,0,3
BRDA:34,23,0,1
BRDA:34,24,0,2
BRDA:37,25,0,2
BRDA:39,26,0,1
BRDA:39,27,0,1
BRDA:43,28,0,7
BRDA:51,29,0,6
BRDA:51,30,0,4
BRDA:51,31,0,3
BRDA:56,32,0,1
BRDA:90,33,0,38
BRDA:111,34,0,38
BRF:35
BRH:34
end_of_record
TN:
SF:src/components/NotificationAlert.tsx
FN:9,SlideTransition
FN:16,SnackbarAlert
FN:22,NotificationAlert
FN:31,handleClose
FNF:4
FNH:4
FNDA:8,SlideTransition
FNDA:12,SnackbarAlert
FNDA:6,NotificationAlert
FNDA:2,handleClose
DA:1,1
DA:2,1
DA:3,1
DA:4,1
DA:5,1
DA:6,1
DA:7,1
DA:8,1
DA:9,8
DA:10,8
DA:11,8
DA:12,1
DA:13,1
DA:14,1
DA:15,1
DA:16,1
DA:17,12
DA:18,12
DA:19,1
DA:20,1
DA:21,1
DA:22,6
DA:23,6
DA:24,6
DA:25,6
DA:26,6
DA:27,6
DA:28,6
DA:29,6
DA:30,6
DA:31,6
DA:32,2
DA:33,2
DA:34,0
DA:35,0
DA:36,2
DA:37,2
DA:38,2
DA:39,6
DA:40,6
DA:41,6
DA:42,6
DA:43,6
DA:44,6
DA:45,6
DA:46,6
DA:47,6
DA:48,6
DA:49,6
DA:50,6
DA:51,6
DA:52,6
DA:53,6
DA:54,6
DA:55,6
DA:56,6
DA:57,6
DA:58,6
DA:59,6
DA:60,6
DA:61,6
LF:61
LH:59
BRDA:9,0,0,8
BRDA:16,1,0,12
BRDA:22,2,0,6
BRDA:57,3,0,3
BRDA:57,4,0,3
BRDA:57,5,0,3
BRDA:57,6,0,3
BRDA:57,7,0,3
BRDA:57,8,0,3
BRDA:51,9,0,3
BRDA:51,10,0,3
BRDA:51,11,0,3
BRDA:24,12,0,20
BRDA:25,13,0,20
BRDA:31,14,0,2
BRDA:33,15,0,0
BRF:16
BRH:15
end_of_record
TN:
SF:src/components/PromotionCard.tsx
FN:20,formatDate
FN:35,PromotionCard
FNF:2
FNH:2
FNDA:8,formatDate
FNDA:8,PromotionCard
DA:1,1
DA:2,1
DA:3,1
DA:4,1
DA:5,1
DA:6,1
DA:7,1
DA:8,1
DA:9,1
DA:10,1
DA:11,1
DA:12,1
DA:13,1
DA:14,1
DA:15,1
DA:16,1
DA:17,1
DA:18,1
DA:19,1
DA:20,8
DA:21,8
DA:22,2
DA:23,2
DA:24,2
DA:25,8
DA:26,2
DA:27,2
DA:28,8
DA:29,0
DA:30,0
DA:31,0
DA:32,8
DA:33,1
DA:34,1
DA:35,8
DA:36,8
DA:37,8
DA:38,8
DA:39,8
DA:40,8
DA:41,8
DA:42,8
DA:43,8
DA:44,8
DA:45,8
DA:46,8
DA:47,8
DA:48,8
DA:49,8
DA:50,8
DA:51,8
DA:52,8
DA:53,8
DA:54,8
DA:55,8
DA:56,8
DA:57,8
DA:58,8
DA:59,8
DA:60,8
DA:61,8
DA:62,8
DA:63,8
DA:64,8
DA:65,8
DA:66,8
DA:67,8
DA:68,8
DA:69,8
DA:70,8
DA:71,8
DA:72,8
DA:73,8
DA:74,8
DA:75,8
DA:76,8
DA:77,8
DA:78,8
DA:79,8
DA:80,8
DA:81,1
DA:82,1
DA:83,1
DA:84,1
DA:85,1
DA:86,1
DA:87,1
DA:88,8
DA:89,8
DA:90,8
DA:91,8
DA:92,8
DA:93,8
DA:94,8
DA:95,8
DA:96,8
DA:97,8
DA:98,8
DA:99,1
DA:100,1
DA:101,1
DA:102,8
DA:103,8
DA:104,1
DA:105,1
DA:106,1
DA:107,8
DA:108,8
DA:109,8
DA:110,8
DA:111,8
DA:112,8
DA:113,8
DA:114,8
DA:115,8
DA:116,8
DA:117,2
DA:118,2
DA:119,2
DA:120,2
DA:121,2
DA:122,2
DA:123,2
DA:124,2
DA:125,2
DA:126,2
DA:127,2
DA:128,8
DA:129,8
DA:130,8
DA:131,8
DA:132,8
LF:132
LH:129
BRDA:20,0,0,8
BRDA:21,1,0,6
BRDA:22,2,0,2
BRDA:25,3,0,0
BRDA:26,4,0,2
BRDA:28,5,0,0
BRDA:35,6,0,8
BRDA:50,7,0,2
BRDA:50,8,0,1
BRDA:50,9,0,7
BRDA:58,10,0,1
BRDA:58,11,0,7
BRDA:59,12,0,1
BRDA:59,13,0,7
BRDA:60,14,0,1
BRDA:60,15,0,7
BRDA:66,16,0,1
BRDA:80,17,0,1
BRDA:98,18,0,1
BRDA:103,19,0,1
BRDA:116,20,0,2
BRDA:121,21,0,1
BRDA:121,22,0,1
BRDA:125,23,0,1
BRDA:125,24,0,1
BRF:25
BRH:23
end_of_record
TN:
SF:src/components/PromotionsList.tsx
FN:16,PromotionsList
FNF:1
FNH:1
FNDA:5,PromotionsList
DA:1,1
DA:2,1
DA:3,1
DA:4,1
DA:5,1
DA:6,1
DA:7,1
DA:8,1
DA:9,1
DA:10,1
DA:11,1
DA:12,1
DA:13,1
DA:14,1
DA:15,1
DA:16,5
DA:17,5
DA:18,5
DA:19,5
DA:20,5
DA:21,5
DA:22,5
DA:23,1
DA:24,1
DA:25,1
DA:26,1
DA:27,1
DA:28,1
DA:29,1
DA:30,1
DA:31,1
DA:32,1
DA:33,1
DA:34,4
DA:35,4
DA:36,5
DA:37,1
DA:38,1
DA:39,1
DA:40,1
DA:41,1
DA:42,1
DA:43,1
DA:44,1
DA:45,1
DA:46,1
DA:47,1
DA:48,1
DA:49,3
DA:50,3
DA:51,5
DA:52,1
DA:53,1
DA:54,1
DA:55,1
DA:56,1
DA:57,1
DA:58,1
DA:59,1
DA:60,1
DA:61,1
DA:62,1
DA:63,2
DA:64,2
DA:65,2
DA:66,2
DA:67,2
DA:68,4
DA:69,4
DA:70,4
DA:71,2
DA:72,2
DA:73,2
DA:74,2
LF:74
LH:74
BRDA:16,0,0,5
BRDA:22,1,0,1
BRDA:34,2,0,4
BRDA:36,3,0,1
BRDA:49,4,0,3
BRDA:51,5,0,1
BRDA:63,6,0,2
BRDA:67,7,0,4
BRF:8
BRH:8
end_of_record
TN:
SF:src/services/api.ts
FN:97,fetchPromotions
FN:106,fetchCategories
FN:115,fetchStores
FNF:3
FNH:0
FNDA:0,fetchPromotions
FNDA:0,fetchCategories
FNDA:0,fetchStores
DA:1,1
DA:2,1
DA:3,1
DA:4,1
DA:5,1
DA:6,1
DA:7,1
DA:8,1
DA:9,1
DA:10,1
DA:11,1
DA:12,1
DA:13,1
DA:14,1
DA:15,1
DA:16,1
DA:17,1
DA:18,1
DA:19,1
DA:20,1
DA:21,1
DA:22,1
DA:23,1
DA:24,1
DA:25,1
DA:26,1
DA:27,1
DA:28,1
DA:29,1
DA:30,1
DA:31,1
DA:32,1
DA:33,1
DA:34,1
DA:35,1
DA:36,1
DA:37,1
DA:38,1
DA:39,1
DA:40,1
DA:41,1
DA:42,1
DA:43,1
DA:44,1
DA:45,1
DA:46,1
DA:47,1
DA:48,1
DA:49,1
DA:50,1
DA:51,1
DA:52,1
DA:53,1
DA:54,1
DA:55,1
DA:56,1
DA:57,1
DA:58,1
DA:59,1
DA:60,1
DA:61,1
DA:62,1
DA:63,1
DA:64,1
DA:65,1
DA:66,1
DA:67,1
DA:68,1
DA:69,1
DA:70,1
DA:71,1
DA:72,1
DA:73,1
DA:74,1
DA:75,1
DA:76,1
DA:77,1
DA:78,1
DA:79,1
DA:80,1
DA:81,1
DA:82,1
DA:83,1
DA:84,1
DA:85,1
DA:86,1
DA:87,1
DA:88,1
DA:89,1
DA:90,1
DA:91,1
DA:92,1
DA:93,1
DA:94,1
DA:95,1
DA:96,1
DA:97,0
DA:98,0
DA:99,0
DA:100,0
DA:101,0
DA:102,0
DA:103,0
DA:104,0
DA:105,1
DA:106,0
DA:107,0
DA:108,0
DA:109,0
DA:110,0
DA:111,0
DA:112,0
DA:113,0
DA:114,1
DA:115,0
DA:116,0
DA:117,0
DA:118,0
DA:119,0
DA:120,0
DA:121,0
DA:122,0
DA:123,1
DA:124,1
DA:125,1
DA:126,1
LF:126
LH:102
BRF:0
BRH:0
end_of_record
TN:
SF:src/store/promoStore.ts
FN:62,getDistanceKm
FN:84,deg2rad
FN:93,fetchInitialData
FN:118,setCategoryFilter
FN:124,setStoreFilter
FN:130,setProximityFilter
FN:141,clearFilters
FN:147,triggerSpecialPromotion
FN:157,clearSpecialPromotionNotification
FN:165,selectFilteredPromotions
FNF:10
FNH:8
FNDA:0,getDistanceKm
FNDA:0,deg2rad
FNDA:2,fetchInitialData
FNDA:8,setCategoryFilter
FNDA:5,setStoreFilter
FNDA:10,setProximityFilter
FNDA:2,clearFilters
FNDA:3,triggerSpecialPromotion
FNDA:3,clearSpecialPromotionNotification
FNDA:1,selectFilteredPromotions
DA:1,1
DA:2,1
DA:3,1
DA:4,1
DA:5,1
DA:6,1
DA:7,1
DA:8,1
DA:9,1
DA:10,1
DA:11,1
DA:12,1
DA:13,1
DA:14,1
DA:15,1
DA:16,1
DA:17,1
DA:18,1
DA:19,1
DA:20,1
DA:21,1
DA:22,1
DA:23,1
DA:24,1
DA:25,1
DA:26,1
DA:27,1
DA:28,1
DA:29,1
DA:30,1
DA:31,1
DA:32,1
DA:33,1
DA:34,1
DA:35,1
DA:36,1
DA:37,1
DA:38,1
DA:39,1
DA:40,1
DA:41,1
DA:42,1
DA:43,1
DA:44,1
DA:45,1
DA:46,1
DA:47,1
DA:48,1
DA:49,1
DA:50,1
DA:51,1
DA:52,1
DA:53,1
DA:54,1
DA:55,1
DA:56,1
DA:57,1
DA:58,1
DA:59,1
DA:60,1
DA:61,1
DA:62,0
DA:63,0
DA:64,0
DA:65,0
DA:66,0
DA:67,0
DA:68,0
DA:69,0
DA:70,0
DA:71,0
DA:72,0
DA:73,0
DA:74,0
DA:75,0
DA:76,0
DA:77,0
DA:78,0
DA:79,0
DA:80,0
DA:81,0
DA:82,0
DA:83,1
DA:84,0
DA:85,0
DA:86,0
DA:87,1
DA:88,1
DA:89,1
DA:90,3
DA:91,3
DA:92,3
DA:93,3
DA:94,2
DA:95,2
DA:96,2
DA:97,2
DA:98,2
DA:99,2
DA:100,2
DA:101,2
DA:102,2
DA:103,1
DA:104,1
DA:105,1
DA:106,1
DA:107,1
DA:108,1
DA:109,1
DA:110,1
DA:111,1
DA:112,1
DA:113,1
DA:114,1
DA:115,1
DA:116,2
DA:117,3
DA:118,3
DA:119,8
DA:120,8
DA:121,8
DA:122,3
DA:123,3
DA:124,3
DA:125,5
DA:126,5
DA:127,5
DA:128,3
DA:129,3
DA:130,3
DA:131,10
DA:132,10
DA:133,10
DA:134,10
DA:135,10
DA:136,10
DA:137,10
DA:138,10
DA:139,3
DA:140,3
DA:141,3
DA:142,2
DA:143,2
DA:144,2
DA:145,3
DA:146,3
DA:147,3
DA:148,3
DA:149,3
DA:150,3
DA:151,2
DA:152,3
DA:153,2
DA:154,2
DA:155,3
DA:156,3
DA:157,3
DA:158,3
DA:159,3
DA:160,1
DA:161,1
DA:162,1
DA:163,1
DA:164,1
DA:165,1
DA:166,1
DA:167,1
DA:168,1
DA:169,4
DA:170,4
DA:171,4
DA:172,3
DA:173,3
DA:174,4
DA:175,2
DA:176,2
DA:177,2
DA:178,2
DA:179,4
DA:180,4
DA:181,4
DA:182,0
DA:183,4
DA:184,0
DA:185,0
DA:186,0
DA:187,0
DA:188,0
DA:189,0
DA:190,0
DA:191,0
DA:192,2
DA:193,2
DA:194,2
DA:195,1
DA:196,1
DA:197,1
DA:198,1
DA:199,1
LF:199
LH:166
BRDA:89,0,0,3
BRDA:93,1,0,2
BRDA:93,2,0,2
BRDA:94,3,0,0
BRDA:103,4,0,1
BRDA:118,5,0,8
BRDA:119,6,0,8
BRDA:120,7,0,3
BRDA:124,8,0,5
BRDA:125,9,0,5
BRDA:126,10,0,2
BRDA:130,11,0,10
BRDA:131,12,0,10
BRDA:141,13,0,2
BRDA:142,14,0,2
BRDA:147,15,0,3
BRDA:150,16,0,2
BRDA:151,17,0,0
BRDA:151,18,0,0
BRDA:152,19,0,2
BRDA:157,20,0,3
BRDA:165,21,0,1
BRDA:168,22,0,4
BRDA:171,23,0,1
BRDA:172,24,0,3
BRDA:174,25,0,1
BRDA:175,26,0,2
BRDA:178,27,0,0
BRDA:179,28,0,0
BRDA:180,29,0,0
BRDA:181,30,0,0
BRDA:183,31,0,0
BRDA:192,32,0,2
BRF:33
BRH:25
end_of_record
